{
  "/Users/jianweiheng/Library/Mobile Documents/com~apple~CloudDocs/code/test/frontend/src/js/api.js": {
    "path": "/Users/jianweiheng/Library/Mobile Documents/com~apple~CloudDocs/code/test/frontend/src/js/api.js",
    "statementMap": {
      "0": { "start": { "line": 3, "column": 21 }, "end": { "line": 3, "column": 44 } },
      "1": { "start": { "line": 5, "column": 22 }, "end": { "line": 32, "column": 1 } },
      "2": { "start": { "line": 6, "column": 16 }, "end": { "line": 6, "column": 45 } },
      "3": { "start": { "line": 8, "column": 18 }, "end": { "line": 11, "column": 3 } },
      "4": { "start": { "line": 13, "column": 2 }, "end": { "line": 15, "column": 3 } },
      "5": { "start": { "line": 14, "column": 4 }, "end": { "line": 14, "column": 49 } },
      "6": { "start": { "line": 17, "column": 19 }, "end": { "line": 20, "column": 4 } },
      "7": { "start": { "line": 22, "column": 2 }, "end": { "line": 29, "column": 3 } },
      "8": { "start": { "line": 24, "column": 4 }, "end": { "line": 24, "column": 60 } },
      "9": { "start": { "line": 25, "column": 4 }, "end": { "line": 25, "column": 37 } },
      "10": { "start": { "line": 26, "column": 4 }, "end": { "line": 26, "column": 56 } },
      "11": { "start": { "line": 28, "column": 4 }, "end": { "line": 28, "column": 36 } },
      "12": { "start": { "line": 31, "column": 2 }, "end": { "line": 31, "column": 18 } },
      "13": { "start": { "line": 34, "column": 22 }, "end": { "line": 56, "column": 1 } },
      "14": { "start": { "line": 59, "column": 0 }, "end": { "line": 59, "column": 35 } },
      "15": { "start": { "line": 60, "column": 0 }, "end": { "line": 60, "column": 37 } },
      "16": { "start": { "line": 61, "column": 0 }, "end": { "line": 61, "column": 37 } }
    },
    "fnMap": {
      "0": {
        "name": "(anonymous_0)",
        "decl": { "start": { "line": 5, "column": 22 }, "end": { "line": 5, "column": 23 } },
        "loc": { "start": { "line": 5, "column": 56 }, "end": { "line": 32, "column": 1 } },
        "line": 5
      }
    },
    "branchMap": {
      "0": {
        "loc": { "start": { "line": 5, "column": 39 }, "end": { "line": 5, "column": 51 } },
        "type": "default-arg",
        "locations": [{ "start": { "line": 5, "column": 49 }, "end": { "line": 5, "column": 51 } }],
        "line": 5
      },
      "1": {
        "loc": { "start": { "line": 13, "column": 2 }, "end": { "line": 15, "column": 3 } },
        "type": "if",
        "locations": [
          { "start": { "line": 13, "column": 2 }, "end": { "line": 15, "column": 3 } },
          { "start": {}, "end": {} }
        ],
        "line": 13
      },
      "2": {
        "loc": { "start": { "line": 22, "column": 2 }, "end": { "line": 29, "column": 3 } },
        "type": "if",
        "locations": [
          { "start": { "line": 22, "column": 2 }, "end": { "line": 29, "column": 3 } },
          { "start": {}, "end": {} }
        ],
        "line": 22
      }
    },
    "s": {
      "0": 0,
      "1": 0,
      "2": 0,
      "3": 0,
      "4": 0,
      "5": 0,
      "6": 0,
      "7": 0,
      "8": 0,
      "9": 0,
      "10": 0,
      "11": 0,
      "12": 0,
      "13": 0,
      "14": 0,
      "15": 0,
      "16": 0
    },
    "f": { "0": 0 },
    "b": { "0": [0], "1": [0, 0], "2": [0, 0] }
  },
  "/Users/jianweiheng/Library/Mobile Documents/com~apple~CloudDocs/code/test/frontend/src/js/auth.js": {
    "path": "/Users/jianweiheng/Library/Mobile Documents/com~apple~CloudDocs/code/test/frontend/src/js/auth.js",
    "statementMap": {
      "0": { "start": { "line": 5, "column": 18 }, "end": { "line": 5, "column": 64 } },
      "1": { "start": { "line": 6, "column": 2 }, "end": { "line": 6, "column": 26 } },
      "2": { "start": { "line": 10, "column": 21 }, "end": { "line": 32, "column": 1 } },
      "3": { "start": { "line": 11, "column": 2 }, "end": { "line": 31, "column": 3 } },
      "4": { "start": { "line": 12, "column": 25 }, "end": { "line": 12, "column": 61 } },
      "5": { "start": { "line": 13, "column": 4 }, "end": { "line": 19, "column": 5 } },
      "6": { "start": { "line": 14, "column": 6 }, "end": { "line": 18, "column": 9 } },
      "7": { "start": { "line": 21, "column": 4 }, "end": { "line": 21, "column": 42 } },
      "8": { "start": { "line": 24, "column": 4 }, "end": { "line": 24, "column": 37 } },
      "9": { "start": { "line": 25, "column": 4 }, "end": { "line": 25, "column": 44 } },
      "10": { "start": { "line": 26, "column": 4 }, "end": { "line": 26, "column": 44 } },
      "11": { "start": { "line": 27, "column": 4 }, "end": { "line": 27, "column": 38 } },
      "12": { "start": { "line": 30, "column": 4 }, "end": { "line": 30, "column": 33 } },
      "13": { "start": { "line": 35, "column": 27 }, "end": { "line": 73, "column": 1 } },
      "14": { "start": { "line": 36, "column": 23 }, "end": { "line": 36, "column": 59 } },
      "15": { "start": { "line": 38, "column": 2 }, "end": { "line": 42, "column": 3 } },
      "16": { "start": { "line": 39, "column": 4 }, "end": { "line": 39, "column": 46 } },
      "17": { "start": { "line": 40, "column": 4 }, "end": { "line": 40, "column": 19 } },
      "18": { "start": { "line": 41, "column": 4 }, "end": { "line": 41, "column": 16 } },
      "19": { "start": { "line": 44, "column": 2 }, "end": { "line": 72, "column": 3 } },
      "20": { "start": { "line": 45, "column": 21 }, "end": { "line": 49, "column": 6 } },
      "21": { "start": { "line": 51, "column": 17 }, "end": { "line": 51, "column": 38 } },
      "22": { "start": { "line": 53, "column": 4 }, "end": { "line": 67, "column": 5 } },
      "23": { "start": { "line": 55, "column": 6 }, "end": { "line": 55, "column": 55 } },
      "24": { "start": { "line": 58, "column": 24 }, "end": { "line": 58, "column": 69 } },
      "25": { "start": { "line": 59, "column": 6 }, "end": { "line": 59, "column": 65 } },
      "26": { "start": { "line": 61, "column": 6 }, "end": { "line": 61, "column": 57 } },
      "27": { "start": { "line": 62, "column": 6 }, "end": { "line": 62, "column": 31 } },
      "28": { "start": { "line": 64, "column": 6 }, "end": { "line": 64, "column": 57 } },
      "29": { "start": { "line": 65, "column": 6 }, "end": { "line": 65, "column": 21 } },
      "30": { "start": { "line": 66, "column": 6 }, "end": { "line": 66, "column": 18 } },
      "31": { "start": { "line": 69, "column": 4 }, "end": { "line": 69, "column": 49 } },
      "32": { "start": { "line": 70, "column": 4 }, "end": { "line": 70, "column": 19 } },
      "33": { "start": { "line": 71, "column": 4 }, "end": { "line": 71, "column": 16 } },
      "34": { "start": { "line": 76, "column": 22 }, "end": { "line": 95, "column": 1 } },
      "35": { "start": { "line": 77, "column": 16 }, "end": { "line": 77, "column": 45 } },
      "36": { "start": { "line": 78, "column": 23 }, "end": { "line": 78, "column": 59 } },
      "37": { "start": { "line": 80, "column": 2 }, "end": { "line": 82, "column": 3 } },
      "38": { "start": { "line": 81, "column": 4 }, "end": { "line": 81, "column": 16 } },
      "39": { "start": { "line": 85, "column": 14 }, "end": { "line": 85, "column": 34 } },
      "40": { "start": { "line": 86, "column": 20 }, "end": { "line": 86, "column": 47 } },
      "41": { "start": { "line": 87, "column": 22 }, "end": { "line": 87, "column": 35 } },
      "42": { "start": { "line": 89, "column": 2 }, "end": { "line": 92, "column": 3 } },
      "43": { "start": { "line": 90, "column": 4 }, "end": { "line": 90, "column": 57 } },
      "44": { "start": { "line": 91, "column": 4 }, "end": { "line": 91, "column": 38 } },
      "45": { "start": { "line": 94, "column": 2 }, "end": { "line": 94, "column": 15 } },
      "46": { "start": { "line": 98, "column": 21 }, "end": { "line": 123, "column": 1 } },
      "47": { "start": { "line": 99, "column": 2 }, "end": { "line": 99, "column": 40 } },
      "48": { "start": { "line": 100, "column": 16 }, "end": { "line": 100, "column": 45 } },
      "49": { "start": { "line": 102, "column": 18 }, "end": { "line": 102, "column": 59 } },
      "50": { "start": { "line": 103, "column": 19 }, "end": { "line": 103, "column": 61 } },
      "51": { "start": { "line": 105, "column": 2 }, "end": { "line": 108, "column": 3 } },
      "52": { "start": { "line": 107, "column": 4 }, "end": { "line": 107, "column": 11 } },
      "53": { "start": { "line": 110, "column": 2 }, "end": { "line": 122, "column": 3 } },
      "54": { "start": { "line": 111, "column": 4 }, "end": { "line": 111, "column": 39 } },
      "55": { "start": { "line": 112, "column": 4 }, "end": { "line": 112, "column": 37 } },
      "56": { "start": { "line": 114, "column": 25 }, "end": { "line": 114, "column": 65 } },
      "57": { "start": { "line": 115, "column": 4 }, "end": { "line": 118, "column": 5 } },
      "58": { "start": { "line": 116, "column": 6 }, "end": { "line": 116, "column": 61 } },
      "59": { "start": { "line": 117, "column": 6 }, "end": { "line": 117, "column": 87 } },
      "60": { "start": { "line": 120, "column": 4 }, "end": { "line": 120, "column": 36 } },
      "61": { "start": { "line": 121, "column": 4 }, "end": { "line": 121, "column": 40 } },
      "62": { "start": { "line": 126, "column": 17 }, "end": { "line": 130, "column": 1 } },
      "63": { "start": { "line": 129, "column": 2 }, "end": { "line": 129, "column": 17 } },
      "64": { "start": { "line": 134, "column": 0 }, "end": { "line": 134, "column": 56 } },
      "65": { "start": { "line": 138, "column": 18 }, "end": { "line": 138, "column": 55 } },
      "66": { "start": { "line": 139, "column": 0 }, "end": { "line": 176, "column": 1 } },
      "67": { "start": { "line": 140, "column": 2 }, "end": { "line": 175, "column": 5 } },
      "68": { "start": { "line": 141, "column": 4 }, "end": { "line": 141, "column": 27 } },
      "69": { "start": { "line": 142, "column": 18 }, "end": { "line": 142, "column": 56 } },
      "70": { "start": { "line": 143, "column": 21 }, "end": { "line": 143, "column": 62 } },
      "71": { "start": { "line": 144, "column": 21 }, "end": { "line": 144, "column": 59 } },
      "72": { "start": { "line": 146, "column": 4 }, "end": { "line": 174, "column": 5 } },
      "73": { "start": { "line": 147, "column": 23 }, "end": { "line": 151, "column": 8 } },
      "74": { "start": { "line": 153, "column": 19 }, "end": { "line": 153, "column": 40 } },
      "75": { "start": { "line": 155, "column": 6 }, "end": { "line": 170, "column": 7 } },
      "76": { "start": { "line": 157, "column": 8 }, "end": { "line": 157, "column": 71 } },
      "77": { "start": { "line": 158, "column": 8 }, "end": { "line": 158, "column": 65 } },
      "78": { "start": { "line": 159, "column": 8 }, "end": { "line": 159, "column": 53 } },
      "79": { "start": { "line": 162, "column": 26 }, "end": { "line": 162, "column": 71 } },
      "80": { "start": { "line": 163, "column": 8 }, "end": { "line": 163, "column": 67 } },
      "81": { "start": { "line": 166, "column": 8 }, "end": { "line": 166, "column": 41 } },
      "82": { "start": { "line": 168, "column": 8 }, "end": { "line": 168, "column": 63 } },
      "83": { "start": { "line": 169, "column": 8 }, "end": { "line": 169, "column": 41 } },
      "84": { "start": { "line": 172, "column": 6 }, "end": { "line": 172, "column": 68 } },
      "85": { "start": { "line": 173, "column": 6 }, "end": { "line": 173, "column": 39 } },
      "86": { "start": { "line": 178, "column": 21 }, "end": { "line": 178, "column": 61 } },
      "87": { "start": { "line": 179, "column": 0 }, "end": { "line": 217, "column": 1 } },
      "88": { "start": { "line": 180, "column": 2 }, "end": { "line": 216, "column": 5 } },
      "89": { "start": { "line": 181, "column": 4 }, "end": { "line": 181, "column": 27 } },
      "90": { "start": { "line": 182, "column": 21 }, "end": { "line": 182, "column": 62 } },
      "91": { "start": { "line": 183, "column": 18 }, "end": { "line": 183, "column": 56 } },
      "92": { "start": { "line": 184, "column": 21 }, "end": { "line": 184, "column": 62 } },
      "93": { "start": { "line": 185, "column": 21 }, "end": { "line": 185, "column": 62 } },
      "94": { "start": { "line": 187, "column": 4 }, "end": { "line": 215, "column": 5 } },
      "95": { "start": { "line": 188, "column": 23 }, "end": { "line": 192, "column": 8 } },
      "96": { "start": { "line": 194, "column": 19 }, "end": { "line": 194, "column": 40 } },
      "97": { "start": { "line": 196, "column": 6 }, "end": { "line": 211, "column": 7 } },
      "98": { "start": { "line": 198, "column": 8 }, "end": { "line": 198, "column": 71 } },
      "99": { "start": { "line": 199, "column": 8 }, "end": { "line": 199, "column": 65 } },
      "100": { "start": { "line": 200, "column": 8 }, "end": { "line": 200, "column": 53 } },
      "101": { "start": { "line": 203, "column": 26 }, "end": { "line": 203, "column": 71 } },
      "102": { "start": { "line": 204, "column": 8 }, "end": { "line": 204, "column": 67 } },
      "103": { "start": { "line": 207, "column": 8 }, "end": { "line": 207, "column": 41 } },
      "104": { "start": { "line": 209, "column": 8 }, "end": { "line": 209, "column": 70 } },
      "105": { "start": { "line": 210, "column": 8 }, "end": { "line": 210, "column": 41 } },
      "106": { "start": { "line": 213, "column": 6 }, "end": { "line": 213, "column": 68 } },
      "107": { "start": { "line": 214, "column": 6 }, "end": { "line": 214, "column": 39 } },
      "108": { "start": { "line": 220, "column": 0 }, "end": { "line": 257, "column": 2 } },
      "109": { "start": { "line": 221, "column": 16 }, "end": { "line": 221, "column": 37 } },
      "110": { "start": { "line": 223, "column": 2 }, "end": { "line": 226, "column": 3 } },
      "111": { "start": { "line": 224, "column": 4 }, "end": { "line": 224, "column": 19 } },
      "112": { "start": { "line": 225, "column": 4 }, "end": { "line": 225, "column": 16 } },
      "113": { "start": { "line": 228, "column": 18 }, "end": { "line": 231, "column": 3 } },
      "114": { "start": { "line": 233, "column": 2 }, "end": { "line": 235, "column": 3 } },
      "115": { "start": { "line": 234, "column": 4 }, "end": { "line": 234, "column": 49 } },
      "116": { "start": { "line": 237, "column": 19 }, "end": { "line": 240, "column": 4 } },
      "117": { "start": { "line": 243, "column": 2 }, "end": { "line": 254, "column": 3 } },
      "118": { "start": { "line": 244, "column": 17 }, "end": { "line": 244, "column": 38 } },
      "119": { "start": { "line": 245, "column": 4 }, "end": { "line": 253, "column": 5 } },
      "120": { "start": { "line": 246, "column": 6 }, "end": { "line": 246, "column": 58 } },
      "121": { "start": { "line": 247, "column": 23 }, "end": { "line": 247, "column": 49 } },
      "122": { "start": { "line": 248, "column": 6 }, "end": { "line": 252, "column": 7 } },
      "123": { "start": { "line": 250, "column": 8 }, "end": { "line": 250, "column": 56 } },
      "124": { "start": { "line": 251, "column": 8 }, "end": { "line": 251, "column": 51 } },
      "125": { "start": { "line": 256, "column": 2 }, "end": { "line": 256, "column": 18 } },
      "126": { "start": { "line": 260, "column": 0 }, "end": { "line": 260, "column": 35 } },
      "127": { "start": { "line": 261, "column": 0 }, "end": { "line": 261, "column": 37 } },
      "128": { "start": { "line": 262, "column": 0 }, "end": { "line": 262, "column": 47 } },
      "129": { "start": { "line": 264, "column": 0 }, "end": { "line": 266, "column": 2 } }
    },
    "fnMap": {
      "0": {
        "name": "getApiBaseUrl",
        "decl": { "start": { "line": 4, "column": 9 }, "end": { "line": 4, "column": 22 } },
        "loc": { "start": { "line": 4, "column": 25 }, "end": { "line": 7, "column": 1 } },
        "line": 4
      },
      "1": {
        "name": "(anonymous_1)",
        "decl": { "start": { "line": 10, "column": 21 }, "end": { "line": 10, "column": 22 } },
        "loc": { "start": { "line": 10, "column": 33 }, "end": { "line": 32, "column": 1 } },
        "line": 10
      },
      "2": {
        "name": "(anonymous_2)",
        "decl": { "start": { "line": 35, "column": 27 }, "end": { "line": 35, "column": 28 } },
        "loc": { "start": { "line": 35, "column": 39 }, "end": { "line": 73, "column": 1 } },
        "line": 35
      },
      "3": {
        "name": "(anonymous_3)",
        "decl": { "start": { "line": 76, "column": 22 }, "end": { "line": 76, "column": 23 } },
        "loc": { "start": { "line": 76, "column": 34 }, "end": { "line": 95, "column": 1 } },
        "line": 76
      },
      "4": {
        "name": "(anonymous_4)",
        "decl": { "start": { "line": 98, "column": 21 }, "end": { "line": 98, "column": 22 } },
        "loc": { "start": { "line": 98, "column": 27 }, "end": { "line": 123, "column": 1 } },
        "line": 98
      },
      "5": {
        "name": "(anonymous_5)",
        "decl": { "start": { "line": 126, "column": 17 }, "end": { "line": 126, "column": 18 } },
        "loc": { "start": { "line": 126, "column": 23 }, "end": { "line": 130, "column": 1 } },
        "line": 126
      },
      "6": {
        "name": "(anonymous_6)",
        "decl": { "start": { "line": 140, "column": 39 }, "end": { "line": 140, "column": 40 } },
        "loc": { "start": { "line": 140, "column": 56 }, "end": { "line": 175, "column": 3 } },
        "line": 140
      },
      "7": {
        "name": "(anonymous_7)",
        "decl": { "start": { "line": 180, "column": 42 }, "end": { "line": 180, "column": 43 } },
        "loc": { "start": { "line": 180, "column": 59 }, "end": { "line": 216, "column": 3 } },
        "line": 180
      },
      "8": {
        "name": "(anonymous_8)",
        "decl": { "start": { "line": 220, "column": 20 }, "end": { "line": 220, "column": 21 } },
        "loc": { "start": { "line": 220, "column": 49 }, "end": { "line": 257, "column": 1 } },
        "line": 220
      }
    },
    "branchMap": {
      "0": {
        "loc": { "start": { "line": 5, "column": 18 }, "end": { "line": 5, "column": 64 } },
        "type": "binary-expr",
        "locations": [
          { "start": { "line": 5, "column": 18 }, "end": { "line": 5, "column": 37 } },
          { "start": { "line": 5, "column": 41 }, "end": { "line": 5, "column": 64 } }
        ],
        "line": 5
      },
      "1": {
        "loc": { "start": { "line": 13, "column": 4 }, "end": { "line": 19, "column": 5 } },
        "type": "if",
        "locations": [
          { "start": { "line": 13, "column": 4 }, "end": { "line": 19, "column": 5 } },
          { "start": {}, "end": {} }
        ],
        "line": 13
      },
      "2": {
        "loc": { "start": { "line": 38, "column": 2 }, "end": { "line": 42, "column": 3 } },
        "type": "if",
        "locations": [
          { "start": { "line": 38, "column": 2 }, "end": { "line": 42, "column": 3 } },
          { "start": {}, "end": {} }
        ],
        "line": 38
      },
      "3": {
        "loc": { "start": { "line": 53, "column": 4 }, "end": { "line": 67, "column": 5 } },
        "type": "if",
        "locations": [
          { "start": { "line": 53, "column": 4 }, "end": { "line": 67, "column": 5 } },
          { "start": { "line": 63, "column": 11 }, "end": { "line": 67, "column": 5 } }
        ],
        "line": 53
      },
      "4": {
        "loc": { "start": { "line": 80, "column": 2 }, "end": { "line": 82, "column": 3 } },
        "type": "if",
        "locations": [
          { "start": { "line": 80, "column": 2 }, "end": { "line": 82, "column": 3 } },
          { "start": {}, "end": {} }
        ],
        "line": 80
      },
      "5": {
        "loc": { "start": { "line": 86, "column": 20 }, "end": { "line": 86, "column": 47 } },
        "type": "binary-expr",
        "locations": [
          { "start": { "line": 86, "column": 20 }, "end": { "line": 86, "column": 42 } },
          { "start": { "line": 86, "column": 46 }, "end": { "line": 86, "column": 47 } }
        ],
        "line": 86
      },
      "6": {
        "loc": { "start": { "line": 89, "column": 2 }, "end": { "line": 92, "column": 3 } },
        "type": "if",
        "locations": [
          { "start": { "line": 89, "column": 2 }, "end": { "line": 92, "column": 3 } },
          { "start": {}, "end": {} }
        ],
        "line": 89
      },
      "7": {
        "loc": { "start": { "line": 105, "column": 2 }, "end": { "line": 108, "column": 3 } },
        "type": "if",
        "locations": [
          { "start": { "line": 105, "column": 2 }, "end": { "line": 108, "column": 3 } },
          { "start": {}, "end": {} }
        ],
        "line": 105
      },
      "8": {
        "loc": { "start": { "line": 105, "column": 6 }, "end": { "line": 105, "column": 27 } },
        "type": "binary-expr",
        "locations": [
          { "start": { "line": 105, "column": 6 }, "end": { "line": 105, "column": 14 } },
          { "start": { "line": 105, "column": 18 }, "end": { "line": 105, "column": 27 } }
        ],
        "line": 105
      },
      "9": {
        "loc": { "start": { "line": 110, "column": 2 }, "end": { "line": 122, "column": 3 } },
        "type": "if",
        "locations": [
          { "start": { "line": 110, "column": 2 }, "end": { "line": 122, "column": 3 } },
          { "start": { "line": 119, "column": 9 }, "end": { "line": 122, "column": 3 } }
        ],
        "line": 110
      },
      "10": {
        "loc": { "start": { "line": 115, "column": 4 }, "end": { "line": 118, "column": 5 } },
        "type": "if",
        "locations": [
          { "start": { "line": 115, "column": 4 }, "end": { "line": 118, "column": 5 } },
          { "start": {}, "end": {} }
        ],
        "line": 115
      },
      "11": {
        "loc": { "start": { "line": 139, "column": 0 }, "end": { "line": 176, "column": 1 } },
        "type": "if",
        "locations": [
          { "start": { "line": 139, "column": 0 }, "end": { "line": 176, "column": 1 } },
          { "start": {}, "end": {} }
        ],
        "line": 139
      },
      "12": {
        "loc": { "start": { "line": 155, "column": 6 }, "end": { "line": 170, "column": 7 } },
        "type": "if",
        "locations": [
          { "start": { "line": 155, "column": 6 }, "end": { "line": 170, "column": 7 } },
          { "start": { "line": 167, "column": 13 }, "end": { "line": 170, "column": 7 } }
        ],
        "line": 155
      },
      "13": {
        "loc": { "start": { "line": 157, "column": 38 }, "end": { "line": 157, "column": 69 } },
        "type": "binary-expr",
        "locations": [
          { "start": { "line": 157, "column": 38 }, "end": { "line": 157, "column": 55 } },
          { "start": { "line": 157, "column": 59 }, "end": { "line": 157, "column": 69 } }
        ],
        "line": 157
      },
      "14": {
        "loc": { "start": { "line": 168, "column": 31 }, "end": { "line": 168, "column": 62 } },
        "type": "binary-expr",
        "locations": [
          { "start": { "line": 168, "column": 31 }, "end": { "line": 168, "column": 43 } },
          { "start": { "line": 168, "column": 47 }, "end": { "line": 168, "column": 62 } }
        ],
        "line": 168
      },
      "15": {
        "loc": { "start": { "line": 179, "column": 0 }, "end": { "line": 217, "column": 1 } },
        "type": "if",
        "locations": [
          { "start": { "line": 179, "column": 0 }, "end": { "line": 217, "column": 1 } },
          { "start": {}, "end": {} }
        ],
        "line": 179
      },
      "16": {
        "loc": { "start": { "line": 196, "column": 6 }, "end": { "line": 211, "column": 7 } },
        "type": "if",
        "locations": [
          { "start": { "line": 196, "column": 6 }, "end": { "line": 211, "column": 7 } },
          { "start": { "line": 208, "column": 13 }, "end": { "line": 211, "column": 7 } }
        ],
        "line": 196
      },
      "17": {
        "loc": { "start": { "line": 198, "column": 38 }, "end": { "line": 198, "column": 69 } },
        "type": "binary-expr",
        "locations": [
          { "start": { "line": 198, "column": 38 }, "end": { "line": 198, "column": 55 } },
          { "start": { "line": 198, "column": 59 }, "end": { "line": 198, "column": 69 } }
        ],
        "line": 198
      },
      "18": {
        "loc": { "start": { "line": 209, "column": 31 }, "end": { "line": 209, "column": 69 } },
        "type": "binary-expr",
        "locations": [
          { "start": { "line": 209, "column": 31 }, "end": { "line": 209, "column": 43 } },
          { "start": { "line": 209, "column": 47 }, "end": { "line": 209, "column": 69 } }
        ],
        "line": 209
      },
      "19": {
        "loc": { "start": { "line": 220, "column": 32 }, "end": { "line": 220, "column": 44 } },
        "type": "default-arg",
        "locations": [
          { "start": { "line": 220, "column": 42 }, "end": { "line": 220, "column": 44 } }
        ],
        "line": 220
      },
      "20": {
        "loc": { "start": { "line": 223, "column": 2 }, "end": { "line": 226, "column": 3 } },
        "type": "if",
        "locations": [
          { "start": { "line": 223, "column": 2 }, "end": { "line": 226, "column": 3 } },
          { "start": {}, "end": {} }
        ],
        "line": 223
      },
      "21": {
        "loc": { "start": { "line": 223, "column": 6 }, "end": { "line": 223, "column": 33 } },
        "type": "binary-expr",
        "locations": [
          { "start": { "line": 223, "column": 6 }, "end": { "line": 223, "column": 12 } },
          { "start": { "line": 223, "column": 16 }, "end": { "line": 223, "column": 33 } }
        ],
        "line": 223
      },
      "22": {
        "loc": { "start": { "line": 233, "column": 2 }, "end": { "line": 235, "column": 3 } },
        "type": "if",
        "locations": [
          { "start": { "line": 233, "column": 2 }, "end": { "line": 235, "column": 3 } },
          { "start": {}, "end": {} }
        ],
        "line": 233
      },
      "23": {
        "loc": { "start": { "line": 233, "column": 6 }, "end": { "line": 233, "column": 32 } },
        "type": "binary-expr",
        "locations": [
          { "start": { "line": 233, "column": 6 }, "end": { "line": 233, "column": 11 } },
          { "start": { "line": 233, "column": 15 }, "end": { "line": 233, "column": 32 } }
        ],
        "line": 233
      },
      "24": {
        "loc": { "start": { "line": 243, "column": 2 }, "end": { "line": 254, "column": 3 } },
        "type": "if",
        "locations": [
          { "start": { "line": 243, "column": 2 }, "end": { "line": 254, "column": 3 } },
          { "start": {}, "end": {} }
        ],
        "line": 243
      },
      "25": {
        "loc": { "start": { "line": 245, "column": 4 }, "end": { "line": 253, "column": 5 } },
        "type": "if",
        "locations": [
          { "start": { "line": 245, "column": 4 }, "end": { "line": 253, "column": 5 } },
          { "start": {}, "end": {} }
        ],
        "line": 245
      },
      "26": {
        "loc": { "start": { "line": 248, "column": 6 }, "end": { "line": 252, "column": 7 } },
        "type": "if",
        "locations": [
          { "start": { "line": 248, "column": 6 }, "end": { "line": 252, "column": 7 } },
          { "start": {}, "end": {} }
        ],
        "line": 248
      }
    },
    "s": {
      "0": 0,
      "1": 0,
      "2": 0,
      "3": 0,
      "4": 0,
      "5": 0,
      "6": 0,
      "7": 0,
      "8": 0,
      "9": 0,
      "10": 0,
      "11": 0,
      "12": 0,
      "13": 0,
      "14": 0,
      "15": 0,
      "16": 0,
      "17": 0,
      "18": 0,
      "19": 0,
      "20": 0,
      "21": 0,
      "22": 0,
      "23": 0,
      "24": 0,
      "25": 0,
      "26": 0,
      "27": 0,
      "28": 0,
      "29": 0,
      "30": 0,
      "31": 0,
      "32": 0,
      "33": 0,
      "34": 0,
      "35": 0,
      "36": 0,
      "37": 0,
      "38": 0,
      "39": 0,
      "40": 0,
      "41": 0,
      "42": 0,
      "43": 0,
      "44": 0,
      "45": 0,
      "46": 0,
      "47": 0,
      "48": 0,
      "49": 0,
      "50": 0,
      "51": 0,
      "52": 0,
      "53": 0,
      "54": 0,
      "55": 0,
      "56": 0,
      "57": 0,
      "58": 0,
      "59": 0,
      "60": 0,
      "61": 0,
      "62": 0,
      "63": 0,
      "64": 0,
      "65": 0,
      "66": 0,
      "67": 0,
      "68": 0,
      "69": 0,
      "70": 0,
      "71": 0,
      "72": 0,
      "73": 0,
      "74": 0,
      "75": 0,
      "76": 0,
      "77": 0,
      "78": 0,
      "79": 0,
      "80": 0,
      "81": 0,
      "82": 0,
      "83": 0,
      "84": 0,
      "85": 0,
      "86": 0,
      "87": 0,
      "88": 0,
      "89": 0,
      "90": 0,
      "91": 0,
      "92": 0,
      "93": 0,
      "94": 0,
      "95": 0,
      "96": 0,
      "97": 0,
      "98": 0,
      "99": 0,
      "100": 0,
      "101": 0,
      "102": 0,
      "103": 0,
      "104": 0,
      "105": 0,
      "106": 0,
      "107": 0,
      "108": 0,
      "109": 0,
      "110": 0,
      "111": 0,
      "112": 0,
      "113": 0,
      "114": 0,
      "115": 0,
      "116": 0,
      "117": 0,
      "118": 0,
      "119": 0,
      "120": 0,
      "121": 0,
      "122": 0,
      "123": 0,
      "124": 0,
      "125": 0,
      "126": 0,
      "127": 0,
      "128": 0,
      "129": 0
    },
    "f": { "0": 0, "1": 0, "2": 0, "3": 0, "4": 0, "5": 0, "6": 0, "7": 0, "8": 0 },
    "b": {
      "0": [0, 0],
      "1": [0, 0],
      "2": [0, 0],
      "3": [0, 0],
      "4": [0, 0],
      "5": [0, 0],
      "6": [0, 0],
      "7": [0, 0],
      "8": [0, 0],
      "9": [0, 0],
      "10": [0, 0],
      "11": [0, 0],
      "12": [0, 0],
      "13": [0, 0],
      "14": [0, 0],
      "15": [0, 0],
      "16": [0, 0],
      "17": [0, 0],
      "18": [0, 0],
      "19": [0],
      "20": [0, 0],
      "21": [0, 0],
      "22": [0, 0],
      "23": [0, 0],
      "24": [0, 0],
      "25": [0, 0],
      "26": [0, 0]
    }
  },
  "/Users/jianweiheng/Library/Mobile Documents/com~apple~CloudDocs/code/test/frontend/src/js/chart.js": {
    "path": "/Users/jianweiheng/Library/Mobile Documents/com~apple~CloudDocs/code/test/frontend/src/js/chart.js",
    "statementMap": {
      "0": { "start": { "line": 3, "column": 0 }, "end": { "line": 3, "column": 31 } },
      "1": { "start": { "line": 5, "column": 0 }, "end": { "line": 38, "column": 3 } },
      "2": { "start": { "line": 6, "column": 14 }, "end": { "line": 6, "column": 51 } },
      "3": { "start": { "line": 7, "column": 2 }, "end": { "line": 37, "column": 3 } },
      "4": { "start": { "line": 8, "column": 4 }, "end": { "line": 32, "column": 7 } },
      "5": { "start": { "line": 33, "column": 9 }, "end": { "line": 37, "column": 3 } },
      "6": { "start": { "line": 34, "column": 4 }, "end": { "line": 34, "column": 49 } },
      "7": { "start": { "line": 36, "column": 4 }, "end": { "line": 36, "column": 47 } }
    },
    "fnMap": {
      "0": {
        "name": "(anonymous_0)",
        "decl": { "start": { "line": 5, "column": 46 }, "end": { "line": 5, "column": 47 } },
        "loc": { "start": { "line": 5, "column": 52 }, "end": { "line": 38, "column": 1 } },
        "line": 5
      }
    },
    "branchMap": {
      "0": {
        "loc": { "start": { "line": 7, "column": 2 }, "end": { "line": 37, "column": 3 } },
        "type": "if",
        "locations": [
          { "start": { "line": 7, "column": 2 }, "end": { "line": 37, "column": 3 } },
          { "start": { "line": 33, "column": 9 }, "end": { "line": 37, "column": 3 } }
        ],
        "line": 7
      },
      "1": {
        "loc": { "start": { "line": 7, "column": 6 }, "end": { "line": 7, "column": 41 } },
        "type": "binary-expr",
        "locations": [
          { "start": { "line": 7, "column": 6 }, "end": { "line": 7, "column": 9 } },
          { "start": { "line": 7, "column": 13 }, "end": { "line": 7, "column": 41 } }
        ],
        "line": 7
      },
      "2": {
        "loc": { "start": { "line": 33, "column": 9 }, "end": { "line": 37, "column": 3 } },
        "type": "if",
        "locations": [
          { "start": { "line": 33, "column": 9 }, "end": { "line": 37, "column": 3 } },
          { "start": { "line": 35, "column": 9 }, "end": { "line": 37, "column": 3 } }
        ],
        "line": 33
      }
    },
    "s": { "0": 0, "1": 0, "2": 0, "3": 0, "4": 0, "5": 0, "6": 0, "7": 0 },
    "f": { "0": 0 },
    "b": { "0": [0, 0], "1": [0, 0], "2": [0, 0] }
  },
  "/Users/jianweiheng/Library/Mobile Documents/com~apple~CloudDocs/code/test/frontend/src/js/chat.js": {
    "path": "/Users/jianweiheng/Library/Mobile Documents/com~apple~CloudDocs/code/test/frontend/src/js/chat.js",
    "statementMap": {
      "0": { "start": { "line": 4, "column": 28 }, "end": { "line": 4, "column": 32 } },
      "1": { "start": { "line": 5, "column": 20 }, "end": { "line": 5, "column": 24 } },
      "2": { "start": { "line": 6, "column": 22 }, "end": { "line": 6, "column": 26 } },
      "3": { "start": { "line": 9, "column": 26 }, "end": { "line": 9, "column": 71 } },
      "4": { "start": { "line": 10, "column": 17 }, "end": { "line": 10, "column": 53 } },
      "5": { "start": { "line": 11, "column": 24 }, "end": { "line": 11, "column": 67 } },
      "6": { "start": { "line": 12, "column": 19 }, "end": { "line": 12, "column": 57 } },
      "7": { "start": { "line": 13, "column": 18 }, "end": { "line": 13, "column": 55 } },
      "8": { "start": { "line": 14, "column": 26 }, "end": { "line": 14, "column": 71 } },
      "9": { "start": { "line": 15, "column": 20 }, "end": { "line": 15, "column": 59 } },
      "10": { "start": { "line": 16, "column": 21 }, "end": { "line": 16, "column": 61 } },
      "11": { "start": { "line": 17, "column": 19 }, "end": { "line": 17, "column": 58 } },
      "12": { "start": { "line": 18, "column": 21 }, "end": { "line": 18, "column": 62 } },
      "13": { "start": { "line": 19, "column": 21 }, "end": { "line": 19, "column": 61 } },
      "14": { "start": { "line": 20, "column": 24 }, "end": { "line": 20, "column": 65 } },
      "15": { "start": { "line": 21, "column": 25 }, "end": { "line": 21, "column": 67 } },
      "16": { "start": { "line": 24, "column": 19 }, "end": { "line": 39, "column": 1 } },
      "17": { "start": { "line": 25, "column": 15 }, "end": { "line": 25, "column": 35 } },
      "18": { "start": { "line": 26, "column": 14 }, "end": { "line": 26, "column": 24 } },
      "19": { "start": { "line": 27, "column": 17 }, "end": { "line": 27, "column": 27 } },
      "20": { "start": { "line": 28, "column": 19 }, "end": { "line": 28, "column": 61 } },
      "21": { "start": { "line": 30, "column": 2 }, "end": { "line": 38, "column": 3 } },
      "22": { "start": { "line": 31, "column": 4 }, "end": { "line": 31, "column": 84 } },
      "23": { "start": { "line": 32, "column": 9 }, "end": { "line": 38, "column": 3 } },
      "24": { "start": { "line": 33, "column": 4 }, "end": { "line": 33, "column": 16 } },
      "25": { "start": { "line": 34, "column": 9 }, "end": { "line": 38, "column": 3 } },
      "26": { "start": { "line": 35, "column": 4 }, "end": { "line": 35, "column": 27 } },
      "27": { "start": { "line": 37, "column": 4 }, "end": { "line": 37, "column": 44 } },
      "28": { "start": { "line": 41, "column": 23 }, "end": { "line": 43, "column": 1 } },
      "29": { "start": { "line": 42, "column": 2 }, "end": { "line": 42, "column": 63 } },
      "30": { "start": { "line": 46, "column": 27 }, "end": { "line": 64, "column": 1 } },
      "31": { "start": { "line": 47, "column": 16 }, "end": { "line": 47, "column": 45 } },
      "32": { "start": { "line": 48, "column": 2 }, "end": { "line": 63, "column": 3 } },
      "33": { "start": { "line": 49, "column": 21 }, "end": { "line": 51, "column": 6 } },
      "34": { "start": { "line": 53, "column": 4 }, "end": { "line": 59, "column": 5 } },
      "35": { "start": { "line": 54, "column": 28 }, "end": { "line": 54, "column": 49 } },
      "36": { "start": { "line": 55, "column": 6 }, "end": { "line": 55, "column": 42 } },
      "37": { "start": { "line": 57, "column": 6 }, "end": { "line": 58, "column": 67 } },
      "38": { "start": { "line": 61, "column": 4 }, "end": { "line": 61, "column": 58 } },
      "39": { "start": { "line": 62, "column": 4 }, "end": { "line": 62, "column": 89 } },
      "40": { "start": { "line": 66, "column": 22 }, "end": { "line": 86, "column": 1 } },
      "41": { "start": { "line": 67, "column": 16 }, "end": { "line": 67, "column": 45 } },
      "42": { "start": { "line": 68, "column": 2 }, "end": { "line": 85, "column": 3 } },
      "43": { "start": { "line": 69, "column": 21 }, "end": { "line": 74, "column": 5 } },
      "44": { "start": { "line": 76, "column": 4 }, "end": { "line": 81, "column": 5 } },
      "45": { "start": { "line": 77, "column": 19 }, "end": { "line": 77, "column": 40 } },
      "46": { "start": { "line": 78, "column": 6 }, "end": { "line": 78, "column": 37 } },
      "47": { "start": { "line": 80, "column": 6 }, "end": { "line": 80, "column": 89 } },
      "48": { "start": { "line": 83, "column": 4 }, "end": { "line": 83, "column": 53 } },
      "49": { "start": { "line": 84, "column": 4 }, "end": { "line": 84, "column": 85 } },
      "50": { "start": { "line": 88, "column": 20 }, "end": { "line": 117, "column": 1 } },
      "51": { "start": { "line": 89, "column": 16 }, "end": { "line": 89, "column": 45 } },
      "52": { "start": { "line": 90, "column": 2 }, "end": { "line": 116, "column": 3 } },
      "53": { "start": { "line": 91, "column": 21 }, "end": { "line": 101, "column": 5 } },
      "54": { "start": { "line": 103, "column": 4 }, "end": { "line": 112, "column": 5 } },
      "55": { "start": { "line": 104, "column": 22 }, "end": { "line": 104, "column": 43 } },
      "56": { "start": { "line": 105, "column": 6 }, "end": { "line": 105, "column": 32 } },
      "57": { "start": { "line": 106, "column": 6 }, "end": { "line": 106, "column": 23 } },
      "58": { "start": { "line": 108, "column": 6 }, "end": { "line": 108, "column": 27 } },
      "59": { "start": { "line": 110, "column": 20 }, "end": { "line": 110, "column": 41 } },
      "60": { "start": { "line": 111, "column": 6 }, "end": { "line": 111, "column": 38 } },
      "61": { "start": { "line": 114, "column": 4 }, "end": { "line": 114, "column": 51 } },
      "62": { "start": { "line": 115, "column": 4 }, "end": { "line": 115, "column": 23 } },
      "63": { "start": { "line": 119, "column": 27 }, "end": { "line": 137, "column": 1 } },
      "64": { "start": { "line": 120, "column": 16 }, "end": { "line": 120, "column": 45 } },
      "65": { "start": { "line": 121, "column": 2 }, "end": { "line": 136, "column": 3 } },
      "66": { "start": { "line": 122, "column": 21 }, "end": { "line": 124, "column": 6 } },
      "67": { "start": { "line": 126, "column": 4 }, "end": { "line": 132, "column": 5 } },
      "68": { "start": { "line": 127, "column": 19 }, "end": { "line": 127, "column": 40 } },
      "69": { "start": { "line": 128, "column": 6 }, "end": { "line": 128, "column": 34 } },
      "70": { "start": { "line": 130, "column": 20 }, "end": { "line": 130, "column": 41 } },
      "71": { "start": { "line": 131, "column": 6 }, "end": { "line": 131, "column": 37 } },
      "72": { "start": { "line": 134, "column": 4 }, "end": { "line": 134, "column": 57 } },
      "73": { "start": { "line": 135, "column": 4 }, "end": { "line": 135, "column": 16 } },
      "74": { "start": { "line": 139, "column": 21 }, "end": { "line": 156, "column": 1 } },
      "75": { "start": { "line": 140, "column": 16 }, "end": { "line": 140, "column": 45 } },
      "76": { "start": { "line": 141, "column": 2 }, "end": { "line": 155, "column": 3 } },
      "77": { "start": { "line": 142, "column": 21 }, "end": { "line": 144, "column": 6 } },
      "78": { "start": { "line": 146, "column": 4 }, "end": { "line": 151, "column": 5 } },
      "79": { "start": { "line": 147, "column": 22 }, "end": { "line": 147, "column": 43 } },
      "80": { "start": { "line": 148, "column": 6 }, "end": { "line": 148, "column": 36 } },
      "81": { "start": { "line": 150, "column": 6 }, "end": { "line": 150, "column": 24 } },
      "82": { "start": { "line": 153, "column": 4 }, "end": { "line": 153, "column": 52 } },
      "83": { "start": { "line": 154, "column": 4 }, "end": { "line": 154, "column": 25 } },
      "84": { "start": { "line": 159, "column": 29 }, "end": { "line": 215, "column": 1 } },
      "85": { "start": { "line": 160, "column": 2 }, "end": { "line": 168, "column": 3 } },
      "86": { "start": { "line": 161, "column": 4 }, "end": { "line": 166, "column": 10 } },
      "87": { "start": { "line": 167, "column": 4 }, "end": { "line": 167, "column": 11 } },
      "88": { "start": { "line": 170, "column": 2 }, "end": { "line": 205, "column": 14 } },
      "89": { "start": { "line": 172, "column": 16 }, "end": { "line": 203, "column": 5 } },
      "90": { "start": { "line": 208, "column": 2 }, "end": { "line": 214, "column": 5 } },
      "91": { "start": { "line": 209, "column": 4 }, "end": { "line": 213, "column": 7 } },
      "92": { "start": { "line": 210, "column": 29 }, "end": { "line": 210, "column": 66 } },
      "93": { "start": { "line": 211, "column": 24 }, "end": { "line": 211, "column": 46 } },
      "94": { "start": { "line": 212, "column": 6 }, "end": { "line": 212, "column": 52 } },
      "95": { "start": { "line": 217, "column": 24 }, "end": { "line": 242, "column": 1 } },
      "96": { "start": { "line": 218, "column": 2 }, "end": { "line": 221, "column": 3 } },
      "97": { "start": { "line": 219, "column": 4 }, "end": { "line": 219, "column": 88 } },
      "98": { "start": { "line": 220, "column": 4 }, "end": { "line": 220, "column": 11 } },
      "99": { "start": { "line": 223, "column": 2 }, "end": { "line": 239, "column": 14 } },
      "100": { "start": { "line": 225, "column": 27 }, "end": { "line": 225, "column": 62 } },
      "101": { "start": { "line": 226, "column": 6 }, "end": { "line": 237, "column": 10 } },
      "102": { "start": { "line": 241, "column": 2 }, "end": { "line": 241, "column": 19 } },
      "103": { "start": { "line": 244, "column": 25 }, "end": { "line": 259, "column": 1 } },
      "104": { "start": { "line": 245, "column": 23 }, "end": { "line": 245, "column": 58 } },
      "105": { "start": { "line": 246, "column": 25 }, "end": { "line": 246, "column": 54 } },
      "106": { "start": { "line": 247, "column": 2 }, "end": { "line": 247, "column": 84 } },
      "107": { "start": { "line": 248, "column": 2 }, "end": { "line": 257, "column": 6 } },
      "108": { "start": { "line": 258, "column": 2 }, "end": { "line": 258, "column": 48 } },
      "109": { "start": { "line": 261, "column": 29 }, "end": { "line": 265, "column": 1 } },
      "110": { "start": { "line": 262, "column": 2 }, "end": { "line": 264, "column": 97 } },
      "111": { "start": { "line": 264, "column": 28 }, "end": { "line": 264, "column": 86 } },
      "112": { "start": { "line": 267, "column": 27 }, "end": { "line": 289, "column": 1 } },
      "113": { "start": { "line": 268, "column": 2 }, "end": { "line": 268, "column": 41 } },
      "114": { "start": { "line": 271, "column": 2 }, "end": { "line": 273, "column": 5 } },
      "115": { "start": { "line": 272, "column": 4 }, "end": { "line": 272, "column": 42 } },
      "116": { "start": { "line": 274, "column": 2 }, "end": { "line": 276, "column": 35 } },
      "117": { "start": { "line": 279, "column": 2 }, "end": { "line": 279, "column": 42 } },
      "118": { "start": { "line": 280, "column": 2 }, "end": { "line": 280, "column": 38 } },
      "119": { "start": { "line": 281, "column": 2 }, "end": { "line": 281, "column": 40 } },
      "120": { "start": { "line": 282, "column": 2 }, "end": { "line": 282, "column": 36 } },
      "121": { "start": { "line": 285, "column": 2 }, "end": { "line": 285, "column": 32 } },
      "122": { "start": { "line": 288, "column": 2 }, "end": { "line": 288, "column": 24 } },
      "123": { "start": { "line": 291, "column": 28 }, "end": { "line": 301, "column": 1 } },
      "124": { "start": { "line": 292, "column": 2 }, "end": { "line": 294, "column": 3 } },
      "125": { "start": { "line": 293, "column": 4 }, "end": { "line": 293, "column": 35 } },
      "126": { "start": { "line": 296, "column": 2 }, "end": { "line": 300, "column": 11 } },
      "127": { "start": { "line": 297, "column": 4 }, "end": { "line": 299, "column": 5 } },
      "128": { "start": { "line": 298, "column": 6 }, "end": { "line": 298, "column": 43 } },
      "129": { "start": { "line": 303, "column": 27 }, "end": { "line": 308, "column": 1 } },
      "130": { "start": { "line": 304, "column": 2 }, "end": { "line": 307, "column": 3 } },
      "131": { "start": { "line": 305, "column": 4 }, "end": { "line": 305, "column": 35 } },
      "132": { "start": { "line": 306, "column": 4 }, "end": { "line": 306, "column": 27 } },
      "133": { "start": { "line": 314, "column": 0 }, "end": { "line": 391, "column": 3 } },
      "134": { "start": { "line": 316, "column": 16 }, "end": { "line": 316, "column": 45 } },
      "135": { "start": { "line": 317, "column": 2 }, "end": { "line": 321, "column": 3 } },
      "136": { "start": { "line": 318, "column": 4 }, "end": { "line": 318, "column": 27 } },
      "137": { "start": { "line": 319, "column": 4 }, "end": { "line": 319, "column": 56 } },
      "138": { "start": { "line": 320, "column": 4 }, "end": { "line": 320, "column": 11 } },
      "139": { "start": { "line": 324, "column": 2 }, "end": { "line": 324, "column": 59 } },
      "140": { "start": { "line": 327, "column": 26 }, "end": { "line": 334, "column": 3 } },
      "141": { "start": { "line": 328, "column": 4 }, "end": { "line": 333, "column": 5 } },
      "142": { "start": { "line": 329, "column": 6 }, "end": { "line": 329, "column": 21 } },
      "143": { "start": { "line": 332, "column": 6 }, "end": { "line": 332, "column": 38 } },
      "144": { "start": { "line": 335, "column": 2 }, "end": { "line": 335, "column": 20 } },
      "145": { "start": { "line": 338, "column": 2 }, "end": { "line": 338, "column": 23 } },
      "146": { "start": { "line": 341, "column": 2 }, "end": { "line": 349, "column": 5 } },
      "147": { "start": { "line": 342, "column": 4 }, "end": { "line": 342, "column": 23 } },
      "148": { "start": { "line": 343, "column": 20 }, "end": { "line": 343, "column": 45 } },
      "149": { "start": { "line": 345, "column": 4 }, "end": { "line": 345, "column": 51 } },
      "150": { "start": { "line": 345, "column": 44 }, "end": { "line": 345, "column": 51 } },
      "151": { "start": { "line": 347, "column": 4 }, "end": { "line": 347, "column": 28 } },
      "152": { "start": { "line": 348, "column": 4 }, "end": { "line": 348, "column": 54 } },
      "153": { "start": { "line": 352, "column": 2 }, "end": { "line": 355, "column": 5 } },
      "154": { "start": { "line": 353, "column": 4 }, "end": { "line": 353, "column": 25 } },
      "155": { "start": { "line": 354, "column": 4 }, "end": { "line": 354, "column": 44 } },
      "156": { "start": { "line": 358, "column": 2 }, "end": { "line": 360, "column": 5 } },
      "157": { "start": { "line": 359, "column": 4 }, "end": { "line": 359, "column": 41 } },
      "158": { "start": { "line": 363, "column": 2 }, "end": { "line": 383, "column": 5 } },
      "159": { "start": { "line": 364, "column": 21 }, "end": { "line": 364, "column": 39 } },
      "160": { "start": { "line": 365, "column": 4 }, "end": { "line": 368, "column": 5 } },
      "161": { "start": { "line": 366, "column": 6 }, "end": { "line": 366, "column": 21 } },
      "162": { "start": { "line": 367, "column": 6 }, "end": { "line": 367, "column": 13 } },
      "163": { "start": { "line": 370, "column": 4 }, "end": { "line": 382, "column": 5 } },
      "164": { "start": { "line": 371, "column": 29 }, "end": { "line": 371, "column": 63 } },
      "165": { "start": { "line": 372, "column": 6 }, "end": { "line": 372, "column": 43 } },
      "166": { "start": { "line": 375, "column": 6 }, "end": { "line": 375, "column": 33 } },
      "167": { "start": { "line": 378, "column": 25 }, "end": { "line": 378, "column": 78 } },
      "168": { "start": { "line": 379, "column": 6 }, "end": { "line": 379, "column": 53 } },
      "169": { "start": { "line": 381, "column": 6 }, "end": { "line": 381, "column": 40 } },
      "170": { "start": { "line": 386, "column": 2 }, "end": { "line": 390, "column": 5 } },
      "171": { "start": { "line": 387, "column": 4 }, "end": { "line": 389, "column": 5 } },
      "172": { "start": { "line": 388, "column": 6 }, "end": { "line": 388, "column": 43 } },
      "173": { "start": { "line": 394, "column": 0 }, "end": { "line": 396, "column": 3 } },
      "174": { "start": { "line": 395, "column": 2 }, "end": { "line": 395, "column": 23 } },
      "175": { "start": { "line": 400, "column": 18 }, "end": { "line": 400, "column": 64 } },
      "176": { "start": { "line": 401, "column": 2 }, "end": { "line": 401, "column": 26 } }
    },
    "fnMap": {
      "0": {
        "name": "(anonymous_0)",
        "decl": { "start": { "line": 24, "column": 19 }, "end": { "line": 24, "column": 20 } },
        "loc": { "start": { "line": 24, "column": 35 }, "end": { "line": 39, "column": 1 } },
        "line": 24
      },
      "1": {
        "name": "(anonymous_1)",
        "decl": { "start": { "line": 41, "column": 23 }, "end": { "line": 41, "column": 24 } },
        "loc": { "start": { "line": 41, "column": 29 }, "end": { "line": 43, "column": 1 } },
        "line": 41
      },
      "2": {
        "name": "(anonymous_2)",
        "decl": { "start": { "line": 46, "column": 27 }, "end": { "line": 46, "column": 28 } },
        "loc": { "start": { "line": 46, "column": 39 }, "end": { "line": 64, "column": 1 } },
        "line": 46
      },
      "3": {
        "name": "(anonymous_3)",
        "decl": { "start": { "line": 66, "column": 22 }, "end": { "line": 66, "column": 23 } },
        "loc": { "start": { "line": 66, "column": 48 }, "end": { "line": 86, "column": 1 } },
        "line": 66
      },
      "4": {
        "name": "(anonymous_4)",
        "decl": { "start": { "line": 88, "column": 20 }, "end": { "line": 88, "column": 21 } },
        "loc": { "start": { "line": 88, "column": 55 }, "end": { "line": 117, "column": 1 } },
        "line": 88
      },
      "5": {
        "name": "(anonymous_5)",
        "decl": { "start": { "line": 119, "column": 27 }, "end": { "line": 119, "column": 28 } },
        "loc": { "start": { "line": 119, "column": 47 }, "end": { "line": 137, "column": 1 } },
        "line": 119
      },
      "6": {
        "name": "(anonymous_6)",
        "decl": { "start": { "line": 139, "column": 21 }, "end": { "line": 139, "column": 22 } },
        "loc": { "start": { "line": 139, "column": 33 }, "end": { "line": 156, "column": 1 } },
        "line": 139
      },
      "7": {
        "name": "(anonymous_7)",
        "decl": { "start": { "line": 159, "column": 29 }, "end": { "line": 159, "column": 30 } },
        "loc": { "start": { "line": 159, "column": 48 }, "end": { "line": 215, "column": 1 } },
        "line": 159
      },
      "8": {
        "name": "(anonymous_8)",
        "decl": { "start": { "line": 172, "column": 6 }, "end": { "line": 172, "column": 7 } },
        "loc": { "start": { "line": 172, "column": 16 }, "end": { "line": 203, "column": 5 } },
        "line": 172
      },
      "9": {
        "name": "(anonymous_9)",
        "decl": { "start": { "line": 208, "column": 58 }, "end": { "line": 208, "column": 59 } },
        "loc": { "start": { "line": 208, "column": 68 }, "end": { "line": 214, "column": 3 } },
        "line": 208
      },
      "10": {
        "name": "(anonymous_10)",
        "decl": { "start": { "line": 209, "column": 35 }, "end": { "line": 209, "column": 36 } },
        "loc": { "start": { "line": 209, "column": 41 }, "end": { "line": 213, "column": 5 } },
        "line": 209
      },
      "11": {
        "name": "(anonymous_11)",
        "decl": { "start": { "line": 217, "column": 24 }, "end": { "line": 217, "column": 25 } },
        "loc": { "start": { "line": 217, "column": 38 }, "end": { "line": 242, "column": 1 } },
        "line": 217
      },
      "12": {
        "name": "(anonymous_12)",
        "decl": { "start": { "line": 224, "column": 9 }, "end": { "line": 224, "column": 10 } },
        "loc": { "start": { "line": 224, "column": 22 }, "end": { "line": 238, "column": 5 } },
        "line": 224
      },
      "13": {
        "name": "(anonymous_13)",
        "decl": { "start": { "line": 244, "column": 25 }, "end": { "line": 244, "column": 26 } },
        "loc": { "start": { "line": 244, "column": 38 }, "end": { "line": 259, "column": 1 } },
        "line": 244
      },
      "14": {
        "name": "(anonymous_14)",
        "decl": { "start": { "line": 261, "column": 29 }, "end": { "line": 261, "column": 30 } },
        "loc": { "start": { "line": 261, "column": 42 }, "end": { "line": 265, "column": 1 } },
        "line": 261
      },
      "15": {
        "name": "(anonymous_15)",
        "decl": { "start": { "line": 264, "column": 16 }, "end": { "line": 264, "column": 17 } },
        "loc": { "start": { "line": 264, "column": 28 }, "end": { "line": 264, "column": 86 } },
        "line": 264
      },
      "16": {
        "name": "(anonymous_16)",
        "decl": { "start": { "line": 267, "column": 27 }, "end": { "line": 267, "column": 28 } },
        "loc": { "start": { "line": 267, "column": 58 }, "end": { "line": 289, "column": 1 } },
        "line": 267
      },
      "17": {
        "name": "(anonymous_17)",
        "decl": { "start": { "line": 271, "column": 58 }, "end": { "line": 271, "column": 59 } },
        "loc": { "start": { "line": 271, "column": 68 }, "end": { "line": 273, "column": 3 } },
        "line": 271
      },
      "18": {
        "name": "(anonymous_18)",
        "decl": { "start": { "line": 291, "column": 28 }, "end": { "line": 291, "column": 29 } },
        "loc": { "start": { "line": 291, "column": 34 }, "end": { "line": 301, "column": 1 } },
        "line": 291
      },
      "19": {
        "name": "(anonymous_19)",
        "decl": { "start": { "line": 296, "column": 32 }, "end": { "line": 296, "column": 33 } },
        "loc": { "start": { "line": 296, "column": 38 }, "end": { "line": 300, "column": 3 } },
        "line": 296
      },
      "20": {
        "name": "(anonymous_20)",
        "decl": { "start": { "line": 303, "column": 27 }, "end": { "line": 303, "column": 28 } },
        "loc": { "start": { "line": 303, "column": 33 }, "end": { "line": 308, "column": 1 } },
        "line": 303
      },
      "21": {
        "name": "(anonymous_21)",
        "decl": { "start": { "line": 314, "column": 46 }, "end": { "line": 314, "column": 47 } },
        "loc": { "start": { "line": 314, "column": 52 }, "end": { "line": 391, "column": 1 } },
        "line": 314
      },
      "22": {
        "name": "(anonymous_22)",
        "decl": { "start": { "line": 327, "column": 26 }, "end": { "line": 327, "column": 27 } },
        "loc": { "start": { "line": 327, "column": 32 }, "end": { "line": 334, "column": 3 } },
        "line": 327
      },
      "23": {
        "name": "(anonymous_23)",
        "decl": { "start": { "line": 341, "column": 41 }, "end": { "line": 341, "column": 42 } },
        "loc": { "start": { "line": 341, "column": 54 }, "end": { "line": 349, "column": 3 } },
        "line": 341
      },
      "24": {
        "name": "(anonymous_24)",
        "decl": { "start": { "line": 352, "column": 39 }, "end": { "line": 352, "column": 40 } },
        "loc": { "start": { "line": 352, "column": 51 }, "end": { "line": 355, "column": 3 } },
        "line": 352
      },
      "25": {
        "name": "(anonymous_25)",
        "decl": { "start": { "line": 358, "column": 45 }, "end": { "line": 358, "column": 46 } },
        "loc": { "start": { "line": 358, "column": 51 }, "end": { "line": 360, "column": 3 } },
        "line": 358
      },
      "26": {
        "name": "(anonymous_26)",
        "decl": { "start": { "line": 363, "column": 44 }, "end": { "line": 363, "column": 45 } },
        "loc": { "start": { "line": 363, "column": 56 }, "end": { "line": 383, "column": 3 } },
        "line": 363
      },
      "27": {
        "name": "(anonymous_27)",
        "decl": { "start": { "line": 386, "column": 41 }, "end": { "line": 386, "column": 42 } },
        "loc": { "start": { "line": 386, "column": 48 }, "end": { "line": 390, "column": 3 } },
        "line": 386
      },
      "28": {
        "name": "(anonymous_28)",
        "decl": { "start": { "line": 394, "column": 40 }, "end": { "line": 394, "column": 41 } },
        "loc": { "start": { "line": 394, "column": 46 }, "end": { "line": 396, "column": 1 } },
        "line": 394
      },
      "29": {
        "name": "getApiBaseUrl",
        "decl": { "start": { "line": 399, "column": 9 }, "end": { "line": 399, "column": 22 } },
        "loc": { "start": { "line": 399, "column": 25 }, "end": { "line": 402, "column": 1 } },
        "line": 399
      }
    },
    "branchMap": {
      "0": {
        "loc": { "start": { "line": 30, "column": 2 }, "end": { "line": 38, "column": 3 } },
        "type": "if",
        "locations": [
          { "start": { "line": 30, "column": 2 }, "end": { "line": 38, "column": 3 } },
          { "start": { "line": 32, "column": 9 }, "end": { "line": 38, "column": 3 } }
        ],
        "line": 30
      },
      "1": {
        "loc": { "start": { "line": 32, "column": 9 }, "end": { "line": 38, "column": 3 } },
        "type": "if",
        "locations": [
          { "start": { "line": 32, "column": 9 }, "end": { "line": 38, "column": 3 } },
          { "start": { "line": 34, "column": 9 }, "end": { "line": 38, "column": 3 } }
        ],
        "line": 32
      },
      "2": {
        "loc": { "start": { "line": 34, "column": 9 }, "end": { "line": 38, "column": 3 } },
        "type": "if",
        "locations": [
          { "start": { "line": 34, "column": 9 }, "end": { "line": 38, "column": 3 } },
          { "start": { "line": 36, "column": 9 }, "end": { "line": 38, "column": 3 } }
        ],
        "line": 34
      },
      "3": {
        "loc": { "start": { "line": 53, "column": 4 }, "end": { "line": 59, "column": 5 } },
        "type": "if",
        "locations": [
          { "start": { "line": 53, "column": 4 }, "end": { "line": 59, "column": 5 } },
          { "start": { "line": 56, "column": 11 }, "end": { "line": 59, "column": 5 } }
        ],
        "line": 53
      },
      "4": {
        "loc": { "start": { "line": 76, "column": 4 }, "end": { "line": 81, "column": 5 } },
        "type": "if",
        "locations": [
          { "start": { "line": 76, "column": 4 }, "end": { "line": 81, "column": 5 } },
          { "start": { "line": 79, "column": 11 }, "end": { "line": 81, "column": 5 } }
        ],
        "line": 76
      },
      "5": {
        "loc": { "start": { "line": 103, "column": 4 }, "end": { "line": 112, "column": 5 } },
        "type": "if",
        "locations": [
          { "start": { "line": 103, "column": 4 }, "end": { "line": 112, "column": 5 } },
          { "start": { "line": 109, "column": 11 }, "end": { "line": 112, "column": 5 } }
        ],
        "line": 103
      },
      "6": {
        "loc": { "start": { "line": 126, "column": 4 }, "end": { "line": 132, "column": 5 } },
        "type": "if",
        "locations": [
          { "start": { "line": 126, "column": 4 }, "end": { "line": 132, "column": 5 } },
          { "start": { "line": 129, "column": 11 }, "end": { "line": 132, "column": 5 } }
        ],
        "line": 126
      },
      "7": {
        "loc": { "start": { "line": 146, "column": 4 }, "end": { "line": 151, "column": 5 } },
        "type": "if",
        "locations": [
          { "start": { "line": 146, "column": 4 }, "end": { "line": 151, "column": 5 } },
          { "start": { "line": 149, "column": 11 }, "end": { "line": 151, "column": 5 } }
        ],
        "line": 146
      },
      "8": {
        "loc": { "start": { "line": 160, "column": 2 }, "end": { "line": 168, "column": 3 } },
        "type": "if",
        "locations": [
          { "start": { "line": 160, "column": 2 }, "end": { "line": 168, "column": 3 } },
          { "start": {}, "end": {} }
        ],
        "line": 160
      },
      "9": {
        "loc": { "start": { "line": 174, "column": 100 }, "end": { "line": 174, "column": 155 } },
        "type": "cond-expr",
        "locations": [
          { "start": { "line": 174, "column": 136 }, "end": { "line": 174, "column": 150 } },
          { "start": { "line": 174, "column": 153 }, "end": { "line": 174, "column": 155 } }
        ],
        "line": 174
      },
      "10": {
        "loc": { "start": { "line": 182, "column": 26 }, "end": { "line": 182, "column": 83 } },
        "type": "cond-expr",
        "locations": [
          { "start": { "line": 182, "column": 46 }, "end": { "line": 182, "column": 71 } },
          { "start": { "line": 182, "column": 74 }, "end": { "line": 182, "column": 83 } }
        ],
        "line": 182
      },
      "11": {
        "loc": { "start": { "line": 187, "column": 26 }, "end": { "line": 187, "column": 116 } },
        "type": "cond-expr",
        "locations": [
          { "start": { "line": 187, "column": 46 }, "end": { "line": 187, "column": 86 } },
          { "start": { "line": 187, "column": 89 }, "end": { "line": 187, "column": 116 } }
        ],
        "line": 187
      },
      "12": {
        "loc": { "start": { "line": 190, "column": 22 }, "end": { "line": 198, "column": 28 } },
        "type": "cond-expr",
        "locations": [
          { "start": { "line": 191, "column": 26 }, "end": { "line": 197, "column": 21 } },
          { "start": { "line": 198, "column": 26 }, "end": { "line": 198, "column": 28 } }
        ],
        "line": 190
      },
      "13": {
        "loc": { "start": { "line": 218, "column": 2 }, "end": { "line": 221, "column": 3 } },
        "type": "if",
        "locations": [
          { "start": { "line": 218, "column": 2 }, "end": { "line": 221, "column": 3 } },
          { "start": {}, "end": {} }
        ],
        "line": 218
      },
      "14": {
        "loc": { "start": { "line": 227, "column": 34 }, "end": { "line": 227, "column": 75 } },
        "type": "cond-expr",
        "locations": [
          { "start": { "line": 227, "column": 49 }, "end": { "line": 227, "column": 61 } },
          { "start": { "line": 227, "column": 64 }, "end": { "line": 227, "column": 75 } }
        ],
        "line": 227
      },
      "15": {
        "loc": { "start": { "line": 229, "column": 18 }, "end": { "line": 229, "column": 89 } },
        "type": "cond-expr",
        "locations": [
          { "start": { "line": 229, "column": 33 }, "end": { "line": 229, "column": 59 } },
          { "start": { "line": 229, "column": 62 }, "end": { "line": 229, "column": 89 } }
        ],
        "line": 229
      },
      "16": {
        "loc": { "start": { "line": 232, "column": 45 }, "end": { "line": 232, "column": 95 } },
        "type": "cond-expr",
        "locations": [
          { "start": { "line": 232, "column": 60 }, "end": { "line": 232, "column": 77 } },
          { "start": { "line": 232, "column": 80 }, "end": { "line": 232, "column": 95 } }
        ],
        "line": 232
      },
      "17": {
        "loc": { "start": { "line": 247, "column": 40 }, "end": { "line": 247, "column": 81 } },
        "type": "cond-expr",
        "locations": [
          { "start": { "line": 247, "column": 55 }, "end": { "line": 247, "column": 67 } },
          { "start": { "line": 247, "column": 70 }, "end": { "line": 247, "column": 81 } }
        ],
        "line": 247
      },
      "18": {
        "loc": { "start": { "line": 250, "column": 10 }, "end": { "line": 250, "column": 81 } },
        "type": "cond-expr",
        "locations": [
          { "start": { "line": 250, "column": 25 }, "end": { "line": 250, "column": 51 } },
          { "start": { "line": 250, "column": 54 }, "end": { "line": 250, "column": 81 } }
        ],
        "line": 250
      },
      "19": {
        "loc": { "start": { "line": 253, "column": 37 }, "end": { "line": 253, "column": 87 } },
        "type": "cond-expr",
        "locations": [
          { "start": { "line": 253, "column": 52 }, "end": { "line": 253, "column": 69 } },
          { "start": { "line": 253, "column": 72 }, "end": { "line": 253, "column": 87 } }
        ],
        "line": 253
      },
      "20": {
        "loc": { "start": { "line": 292, "column": 2 }, "end": { "line": 294, "column": 3 } },
        "type": "if",
        "locations": [
          { "start": { "line": 292, "column": 2 }, "end": { "line": 294, "column": 3 } },
          { "start": {}, "end": {} }
        ],
        "line": 292
      },
      "21": {
        "loc": { "start": { "line": 297, "column": 4 }, "end": { "line": 299, "column": 5 } },
        "type": "if",
        "locations": [
          { "start": { "line": 297, "column": 4 }, "end": { "line": 299, "column": 5 } },
          { "start": {}, "end": {} }
        ],
        "line": 297
      },
      "22": {
        "loc": { "start": { "line": 304, "column": 2 }, "end": { "line": 307, "column": 3 } },
        "type": "if",
        "locations": [
          { "start": { "line": 304, "column": 2 }, "end": { "line": 307, "column": 3 } },
          { "start": {}, "end": {} }
        ],
        "line": 304
      },
      "23": {
        "loc": { "start": { "line": 317, "column": 2 }, "end": { "line": 321, "column": 3 } },
        "type": "if",
        "locations": [
          { "start": { "line": 317, "column": 2 }, "end": { "line": 321, "column": 3 } },
          { "start": {}, "end": {} }
        ],
        "line": 317
      },
      "24": {
        "loc": { "start": { "line": 328, "column": 4 }, "end": { "line": 333, "column": 5 } },
        "type": "if",
        "locations": [
          { "start": { "line": 328, "column": 4 }, "end": { "line": 333, "column": 5 } },
          { "start": { "line": 330, "column": 11 }, "end": { "line": 333, "column": 5 } }
        ],
        "line": 328
      },
      "25": {
        "loc": { "start": { "line": 345, "column": 4 }, "end": { "line": 345, "column": 51 } },
        "type": "if",
        "locations": [
          { "start": { "line": 345, "column": 4 }, "end": { "line": 345, "column": 51 } },
          { "start": {}, "end": {} }
        ],
        "line": 345
      },
      "26": {
        "loc": { "start": { "line": 345, "column": 8 }, "end": { "line": 345, "column": 42 } },
        "type": "binary-expr",
        "locations": [
          { "start": { "line": 345, "column": 8 }, "end": { "line": 345, "column": 16 } },
          { "start": { "line": 345, "column": 20 }, "end": { "line": 345, "column": 42 } }
        ],
        "line": 345
      },
      "27": {
        "loc": { "start": { "line": 365, "column": 4 }, "end": { "line": 368, "column": 5 } },
        "type": "if",
        "locations": [
          { "start": { "line": 365, "column": 4 }, "end": { "line": 368, "column": 5 } },
          { "start": {}, "end": {} }
        ],
        "line": 365
      },
      "28": {
        "loc": { "start": { "line": 387, "column": 4 }, "end": { "line": 389, "column": 5 } },
        "type": "if",
        "locations": [
          { "start": { "line": 387, "column": 4 }, "end": { "line": 389, "column": 5 } },
          { "start": {}, "end": {} }
        ],
        "line": 387
      },
      "29": {
        "loc": { "start": { "line": 400, "column": 18 }, "end": { "line": 400, "column": 64 } },
        "type": "binary-expr",
        "locations": [
          { "start": { "line": 400, "column": 18 }, "end": { "line": 400, "column": 37 } },
          { "start": { "line": 400, "column": 41 }, "end": { "line": 400, "column": 64 } }
        ],
        "line": 400
      }
    },
    "s": {
      "0": 0,
      "1": 0,
      "2": 0,
      "3": 0,
      "4": 0,
      "5": 0,
      "6": 0,
      "7": 0,
      "8": 0,
      "9": 0,
      "10": 0,
      "11": 0,
      "12": 0,
      "13": 0,
      "14": 0,
      "15": 0,
      "16": 0,
      "17": 0,
      "18": 0,
      "19": 0,
      "20": 0,
      "21": 0,
      "22": 0,
      "23": 0,
      "24": 0,
      "25": 0,
      "26": 0,
      "27": 0,
      "28": 0,
      "29": 0,
      "30": 0,
      "31": 0,
      "32": 0,
      "33": 0,
      "34": 0,
      "35": 0,
      "36": 0,
      "37": 0,
      "38": 0,
      "39": 0,
      "40": 0,
      "41": 0,
      "42": 0,
      "43": 0,
      "44": 0,
      "45": 0,
      "46": 0,
      "47": 0,
      "48": 0,
      "49": 0,
      "50": 0,
      "51": 0,
      "52": 0,
      "53": 0,
      "54": 0,
      "55": 0,
      "56": 0,
      "57": 0,
      "58": 0,
      "59": 0,
      "60": 0,
      "61": 0,
      "62": 0,
      "63": 0,
      "64": 0,
      "65": 0,
      "66": 0,
      "67": 0,
      "68": 0,
      "69": 0,
      "70": 0,
      "71": 0,
      "72": 0,
      "73": 0,
      "74": 0,
      "75": 0,
      "76": 0,
      "77": 0,
      "78": 0,
      "79": 0,
      "80": 0,
      "81": 0,
      "82": 0,
      "83": 0,
      "84": 0,
      "85": 0,
      "86": 0,
      "87": 0,
      "88": 0,
      "89": 0,
      "90": 0,
      "91": 0,
      "92": 0,
      "93": 0,
      "94": 0,
      "95": 0,
      "96": 0,
      "97": 0,
      "98": 0,
      "99": 0,
      "100": 0,
      "101": 0,
      "102": 0,
      "103": 0,
      "104": 0,
      "105": 0,
      "106": 0,
      "107": 0,
      "108": 0,
      "109": 0,
      "110": 0,
      "111": 0,
      "112": 0,
      "113": 0,
      "114": 0,
      "115": 0,
      "116": 0,
      "117": 0,
      "118": 0,
      "119": 0,
      "120": 0,
      "121": 0,
      "122": 0,
      "123": 0,
      "124": 0,
      "125": 0,
      "126": 0,
      "127": 0,
      "128": 0,
      "129": 0,
      "130": 0,
      "131": 0,
      "132": 0,
      "133": 0,
      "134": 0,
      "135": 0,
      "136": 0,
      "137": 0,
      "138": 0,
      "139": 0,
      "140": 0,
      "141": 0,
      "142": 0,
      "143": 0,
      "144": 0,
      "145": 0,
      "146": 0,
      "147": 0,
      "148": 0,
      "149": 0,
      "150": 0,
      "151": 0,
      "152": 0,
      "153": 0,
      "154": 0,
      "155": 0,
      "156": 0,
      "157": 0,
      "158": 0,
      "159": 0,
      "160": 0,
      "161": 0,
      "162": 0,
      "163": 0,
      "164": 0,
      "165": 0,
      "166": 0,
      "167": 0,
      "168": 0,
      "169": 0,
      "170": 0,
      "171": 0,
      "172": 0,
      "173": 0,
      "174": 0,
      "175": 0,
      "176": 0
    },
    "f": {
      "0": 0,
      "1": 0,
      "2": 0,
      "3": 0,
      "4": 0,
      "5": 0,
      "6": 0,
      "7": 0,
      "8": 0,
      "9": 0,
      "10": 0,
      "11": 0,
      "12": 0,
      "13": 0,
      "14": 0,
      "15": 0,
      "16": 0,
      "17": 0,
      "18": 0,
      "19": 0,
      "20": 0,
      "21": 0,
      "22": 0,
      "23": 0,
      "24": 0,
      "25": 0,
      "26": 0,
      "27": 0,
      "28": 0,
      "29": 0
    },
    "b": {
      "0": [0, 0],
      "1": [0, 0],
      "2": [0, 0],
      "3": [0, 0],
      "4": [0, 0],
      "5": [0, 0],
      "6": [0, 0],
      "7": [0, 0],
      "8": [0, 0],
      "9": [0, 0],
      "10": [0, 0],
      "11": [0, 0],
      "12": [0, 0],
      "13": [0, 0],
      "14": [0, 0],
      "15": [0, 0],
      "16": [0, 0],
      "17": [0, 0],
      "18": [0, 0],
      "19": [0, 0],
      "20": [0, 0],
      "21": [0, 0],
      "22": [0, 0],
      "23": [0, 0],
      "24": [0, 0],
      "25": [0, 0],
      "26": [0, 0],
      "27": [0, 0],
      "28": [0, 0],
      "29": [0, 0]
    }
  },
  "/Users/jianweiheng/Library/Mobile Documents/com~apple~CloudDocs/code/test/frontend/src/js/dashboard.js": {
    "path": "/Users/jianweiheng/Library/Mobile Documents/com~apple~CloudDocs/code/test/frontend/src/js/dashboard.js",
    "statementMap": {
      "0": { "start": { "line": 6, "column": 18 }, "end": { "line": 6, "column": 64 } },
      "1": { "start": { "line": 7, "column": 2 }, "end": { "line": 7, "column": 26 } },
      "2": { "start": { "line": 10, "column": 19 }, "end": { "line": 32, "column": 1 } },
      "3": { "start": { "line": 11, "column": 16 }, "end": { "line": 11, "column": 45 } },
      "4": { "start": { "line": 12, "column": 2 }, "end": { "line": 12, "column": 21 } },
      "5": { "start": { "line": 12, "column": 14 }, "end": { "line": 12, "column": 21 } },
      "6": { "start": { "line": 14, "column": 2 }, "end": { "line": 31, "column": 3 } },
      "7": { "start": { "line": 15, "column": 21 }, "end": { "line": 21, "column": 6 } },
      "8": { "start": { "line": 23, "column": 4 }, "end": { "line": 28, "column": 5 } },
      "9": { "start": { "line": 24, "column": 20 }, "end": { "line": 24, "column": 41 } },
      "10": { "start": { "line": 25, "column": 6 }, "end": { "line": 25, "column": 26 } },
      "11": { "start": { "line": 27, "column": 6 }, "end": { "line": 27, "column": 69 } },
      "12": { "start": { "line": 30, "column": 4 }, "end": { "line": 30, "column": 50 } },
      "13": { "start": { "line": 34, "column": 21 }, "end": { "line": 75, "column": 1 } },
      "14": { "start": { "line": 35, "column": 25 }, "end": { "line": 35, "column": 67 } },
      "15": { "start": { "line": 36, "column": 2 }, "end": { "line": 36, "column": 30 } },
      "16": { "start": { "line": 36, "column": 23 }, "end": { "line": 36, "column": 30 } },
      "17": { "start": { "line": 38, "column": 2 }, "end": { "line": 38, "column": 32 } },
      "18": { "start": { "line": 40, "column": 2 }, "end": { "line": 43, "column": 3 } },
      "19": { "start": { "line": 41, "column": 4 }, "end": { "line": 41, "column": 82 } },
      "20": { "start": { "line": 42, "column": 4 }, "end": { "line": 42, "column": 11 } },
      "21": { "start": { "line": 45, "column": 2 }, "end": { "line": 69, "column": 5 } },
      "22": { "start": { "line": 46, "column": 24 }, "end": { "line": 46, "column": 53 } },
      "23": { "start": { "line": 47, "column": 4 }, "end": { "line": 47, "column": 76 } },
      "24": { "start": { "line": 48, "column": 4 }, "end": { "line": 67, "column": 10 } },
      "25": { "start": { "line": 68, "column": 4 }, "end": { "line": 68, "column": 44 } },
      "26": { "start": { "line": 72, "column": 2 }, "end": { "line": 74, "column": 5 } },
      "27": { "start": { "line": 73, "column": 4 }, "end": { "line": 73, "column": 53 } },
      "28": { "start": { "line": 77, "column": 23 }, "end": { "line": 113, "column": 1 } },
      "29": { "start": { "line": 78, "column": 17 }, "end": { "line": 78, "column": 36 } },
      "30": { "start": { "line": 79, "column": 17 }, "end": { "line": 79, "column": 38 } },
      "31": { "start": { "line": 80, "column": 16 }, "end": { "line": 80, "column": 45 } },
      "32": { "start": { "line": 83, "column": 18 }, "end": { "line": 83, "column": 59 } },
      "33": { "start": { "line": 84, "column": 17 }, "end": { "line": 84, "column": 44 } },
      "34": { "start": { "line": 86, "column": 2 }, "end": { "line": 112, "column": 3 } },
      "35": { "start": { "line": 87, "column": 21 }, "end": { "line": 90, "column": 6 } },
      "36": { "start": { "line": 92, "column": 4 }, "end": { "line": 109, "column": 5 } },
      "37": { "start": { "line": 94, "column": 28 }, "end": { "line": 94, "column": 63 } },
      "38": { "start": { "line": 95, "column": 22 }, "end": { "line": 95, "column": 57 } },
      "39": { "start": { "line": 96, "column": 6 }, "end": { "line": 104, "column": 7 } },
      "40": { "start": { "line": 97, "column": 8 }, "end": { "line": 97, "column": 48 } },
      "41": { "start": { "line": 98, "column": 8 }, "end": { "line": 98, "column": 46 } },
      "42": { "start": { "line": 99, "column": 8 }, "end": { "line": 99, "column": 20 } },
      "43": { "start": { "line": 101, "column": 8 }, "end": { "line": 101, "column": 45 } },
      "44": { "start": { "line": 102, "column": 8 }, "end": { "line": 102, "column": 49 } },
      "45": { "start": { "line": 103, "column": 8 }, "end": { "line": 103, "column": 20 } },
      "46": { "start": { "line": 105, "column": 6 }, "end": { "line": 105, "column": 44 } },
      "47": { "start": { "line": 107, "column": 21 }, "end": { "line": 107, "column": 42 } },
      "48": { "start": { "line": 108, "column": 6 }, "end": { "line": 108, "column": 48 } },
      "49": { "start": { "line": 111, "column": 4 }, "end": { "line": 111, "column": 47 } },
      "50": { "start": { "line": 115, "column": 25 }, "end": { "line": 150, "column": 1 } },
      "51": { "start": { "line": 116, "column": 2 }, "end": { "line": 116, "column": 25 } },
      "52": { "start": { "line": 117, "column": 16 }, "end": { "line": 117, "column": 45 } },
      "53": { "start": { "line": 118, "column": 2 }, "end": { "line": 118, "column": 21 } },
      "54": { "start": { "line": 118, "column": 14 }, "end": { "line": 118, "column": 21 } },
      "55": { "start": { "line": 120, "column": 21 }, "end": { "line": 120, "column": 58 } },
      "56": { "start": { "line": 121, "column": 20 }, "end": { "line": 121, "column": 56 } },
      "57": { "start": { "line": 123, "column": 19 }, "end": { "line": 126, "column": 3 } },
      "58": { "start": { "line": 128, "column": 2 }, "end": { "line": 149, "column": 3 } },
      "59": { "start": { "line": 129, "column": 21 }, "end": { "line": 136, "column": 6 } },
      "60": { "start": { "line": 138, "column": 4 }, "end": { "line": 145, "column": 5 } },
      "61": { "start": { "line": 139, "column": 6 }, "end": { "line": 139, "column": 28 } },
      "62": { "start": { "line": 140, "column": 6 }, "end": { "line": 140, "column": 27 } },
      "63": { "start": { "line": 141, "column": 6 }, "end": { "line": 141, "column": 19 } },
      "64": { "start": { "line": 143, "column": 24 }, "end": { "line": 143, "column": 45 } },
      "65": { "start": { "line": 144, "column": 6 }, "end": { "line": 144, "column": 59 } },
      "66": { "start": { "line": 147, "column": 4 }, "end": { "line": 147, "column": 49 } },
      "67": { "start": { "line": 148, "column": 4 }, "end": { "line": 148, "column": 56 } },
      "68": { "start": { "line": 154, "column": 22 }, "end": { "line": 182, "column": 1 } },
      "69": { "start": { "line": 156, "column": 2 }, "end": { "line": 160, "column": 3 } },
      "70": { "start": { "line": 157, "column": 4 }, "end": { "line": 157, "column": 54 } },
      "71": { "start": { "line": 158, "column": 4 }, "end": { "line": 158, "column": 56 } },
      "72": { "start": { "line": 159, "column": 4 }, "end": { "line": 159, "column": 11 } },
      "73": { "start": { "line": 162, "column": 2 }, "end": { "line": 162, "column": 37 } },
      "74": { "start": { "line": 165, "column": 26 }, "end": { "line": 172, "column": 3 } },
      "75": { "start": { "line": 166, "column": 4 }, "end": { "line": 171, "column": 5 } },
      "76": { "start": { "line": 167, "column": 6 }, "end": { "line": 167, "column": 21 } },
      "77": { "start": { "line": 170, "column": 6 }, "end": { "line": 170, "column": 38 } },
      "78": { "start": { "line": 173, "column": 2 }, "end": { "line": 173, "column": 20 } },
      "79": { "start": { "line": 175, "column": 2 }, "end": { "line": 175, "column": 15 } },
      "80": { "start": { "line": 177, "column": 25 }, "end": { "line": 177, "column": 68 } },
      "81": { "start": { "line": 178, "column": 2 }, "end": { "line": 180, "column": 3 } },
      "82": { "start": { "line": 179, "column": 4 }, "end": { "line": 179, "column": 64 } },
      "83": { "start": { "line": 184, "column": 0 }, "end": { "line": 184, "column": 61 } }
    },
    "fnMap": {
[...]
        "loc": { "start": { "line": 355, "column": 22 }, "end": { "line": 362, "column": 3 } },
        "line": 355
      },
      "31": {
        "name": "initWebSocket",
        "decl": { "start": { "line": 369, "column": 9 }, "end": { "line": 369, "column": 22 } },
        "loc": { "start": { "line": 369, "column": 25 }, "end": { "line": 376, "column": 1 } },
        "line": 369
      },
      "32": {
        "name": "getWebSocketManager",
        "decl": { "start": { "line": 378, "column": 9 }, "end": { "line": 378, "column": 28 } },
        "loc": { "start": { "line": 378, "column": 31 }, "end": { "line": 380, "column": 1 } },
        "line": 378
      },
      "33": {
        "name": "(anonymous_33)",
        "decl": { "start": { "line": 383, "column": 46 }, "end": { "line": 383, "column": 47 } },
        "loc": { "start": { "line": 383, "column": 52 }, "end": { "line": 387, "column": 1 } },
        "line": 383
      },
      "34": {
        "name": "(anonymous_34)",
        "decl": { "start": { "line": 390, "column": 35 }, "end": { "line": 390, "column": 36 } },
        "loc": { "start": { "line": 390, "column": 46 }, "end": { "line": 399, "column": 1 } },
        "line": 390
      },
      "35": {
        "name": "(anonymous_35)",
        "decl": { "start": { "line": 402, "column": 40 }, "end": { "line": 402, "column": 41 } },
        "loc": { "start": { "line": 402, "column": 46 }, "end": { "line": 406, "column": 1 } },
        "line": 402
      }
    },
    "branchMap": {
      "0": {
        "loc": { "start": { "line": 23, "column": 4 }, "end": { "line": 25, "column": 5 } },
        "type": "if",
        "locations": [
          { "start": { "line": 23, "column": 4 }, "end": { "line": 25, "column": 5 } },
          { "start": {}, "end": {} }
        ],
        "line": 23
      },
      "1": {
        "loc": { "start": { "line": 23, "column": 8 }, "end": { "line": 23, "column": 85 } },
        "type": "binary-expr",
        "locations": [
          { "start": { "line": 23, "column": 8 }, "end": { "line": 23, "column": 25 } },
          { "start": { "line": 23, "column": 30 }, "end": { "line": 23, "column": 37 } },
          { "start": { "line": 23, "column": 41 }, "end": { "line": 23, "column": 84 } }
        ],
        "line": 23
      },
      "2": {
        "loc": { "start": { "line": 31, "column": 4 }, "end": { "line": 35, "column": 5 } },
        "type": "if",
        "locations": [
          { "start": { "line": 31, "column": 4 }, "end": { "line": 35, "column": 5 } },
          { "start": {}, "end": {} }
        ],
        "line": 31
      },
      "3": {
        "loc": { "start": { "line": 37, "column": 23 }, "end": { "line": 37, "column": 77 } },
        "type": "cond-expr",
        "locations": [
          { "start": { "line": 37, "column": 63 }, "end": { "line": 37, "column": 69 } },
          { "start": { "line": 37, "column": 72 }, "end": { "line": 37, "column": 77 } }
        ],
        "line": 37
      },
      "4": {
        "loc": { "start": { "line": 66, "column": 6 }, "end": { "line": 68, "column": 7 } },
        "type": "if",
        "locations": [
          { "start": { "line": 66, "column": 6 }, "end": { "line": 68, "column": 7 } },
          { "start": {}, "end": {} }
        ],
        "line": 66
      },
      "5": {
        "loc": { "start": { "line": 89, "column": 6 }, "end": { "line": 96, "column": 7 } },
        "type": "if",
        "locations": [
          { "start": { "line": 89, "column": 6 }, "end": { "line": 96, "column": 7 } },
          { "start": {}, "end": {} }
        ],
        "line": 89
      },
      "6": {
        "loc": { "start": { "line": 93, "column": 8 }, "end": { "line": 95, "column": 9 } },
        "type": "if",
        "locations": [
          { "start": { "line": 93, "column": 8 }, "end": { "line": 95, "column": 9 } },
          { "start": {}, "end": {} }
        ],
        "line": 93
      },
      "7": {
        "loc": { "start": { "line": 109, "column": 4 }, "end": { "line": 147, "column": 5 } },
        "type": "switch",
        "locations": [
          { "start": { "line": 110, "column": 6 }, "end": { "line": 112, "column": 14 } },
          { "start": { "line": 114, "column": 6 }, "end": { "line": 117, "column": 14 } },
          { "start": { "line": 119, "column": 6 }, "end": { "line": 122, "column": 14 } },
          { "start": { "line": 124, "column": 6 }, "end": { "line": 126, "column": 14 } },
          { "start": { "line": 128, "column": 6 }, "end": { "line": 130, "column": 14 } },
          { "start": { "line": 132, "column": 6 }, "end": { "line": 134, "column": 14 } },
          { "start": { "line": 136, "column": 6 }, "end": { "line": 138, "column": 14 } },
          { "start": { "line": 140, "column": 6 }, "end": { "line": 142, "column": 14 } },
          { "start": { "line": 144, "column": 6 }, "end": { "line": 146, "column": 35 } }
        ],
        "line": 109
      },
      "8": {
        "loc": { "start": { "line": 151, "column": 13 }, "end": { "line": 151, "column": 25 } },
        "type": "default-arg",
        "locations": [
          { "start": { "line": 151, "column": 23 }, "end": { "line": 151, "column": 25 } }
        ],
        "line": 151
      },
      "9": {
        "loc": { "start": { "line": 152, "column": 4 }, "end": { "line": 155, "column": 5 } },
        "type": "if",
        "locations": [
          { "start": { "line": 152, "column": 4 }, "end": { "line": 155, "column": 5 } },
          { "start": {}, "end": {} }
        ],
        "line": 152
      },
      "10": {
        "loc": { "start": { "line": 175, "column": 11 }, "end": { "line": 175, "column": 59 } },
        "type": "binary-expr",
        "locations": [
          { "start": { "line": 175, "column": 11 }, "end": { "line": 175, "column": 18 } },
          { "start": { "line": 175, "column": 22 }, "end": { "line": 175, "column": 59 } }
        ],
        "line": 175
      },
      "11": {
        "loc": { "start": { "line": 183, "column": 4 }, "end": { "line": 185, "column": 5 } },
        "type": "if",
        "locations": [
          { "start": { "line": 183, "column": 4 }, "end": { "line": 185, "column": 5 } },
          { "start": {}, "end": {} }
        ],
        "line": 183
      },
      "12": {
        "loc": { "start": { "line": 198, "column": 4 }, "end": { "line": 204, "column": 5 } },
        "type": "if",
        "locations": [
          { "start": { "line": 198, "column": 4 }, "end": { "line": 204, "column": 5 } },
          { "start": {}, "end": {} }
        ],
        "line": 198
      },
      "13": {
        "loc": { "start": { "line": 200, "column": 6 }, "end": { "line": 202, "column": 7 } },
        "type": "if",
        "locations": [
          { "start": { "line": 200, "column": 6 }, "end": { "line": 202, "column": 7 } },
          { "start": {}, "end": {} }
        ],
        "line": 200
      },
      "14": {
        "loc": { "start": { "line": 223, "column": 6 }, "end": { "line": 225, "column": 7 } },
        "type": "if",
        "locations": [
          { "start": { "line": 223, "column": 6 }, "end": { "line": 225, "column": 7 } },
          { "start": {}, "end": {} }
        ],
        "line": 223
      },
      "15": {
        "loc": { "start": { "line": 231, "column": 4 }, "end": { "line": 234, "column": 5 } },
        "type": "if",
        "locations": [
          { "start": { "line": 231, "column": 4 }, "end": { "line": 234, "column": 5 } },
          { "start": {}, "end": {} }
        ],
        "line": 231
      },
      "16": {
        "loc": { "start": { "line": 240, "column": 4 }, "end": { "line": 262, "column": 5 } },
        "type": "if",
        "locations": [
          { "start": { "line": 240, "column": 4 }, "end": { "line": 262, "column": 5 } },
          { "start": {}, "end": {} }
        ],
        "line": 240
      },
      "17": {
        "loc": { "start": { "line": 241, "column": 6 }, "end": { "line": 252, "column": 7 } },
        "type": "if",
        "locations": [
          { "start": { "line": 241, "column": 6 }, "end": { "line": 252, "column": 7 } },
          { "start": {}, "end": {} }
        ],
        "line": 241
      },
      "18": {
        "loc": { "start": { "line": 255, "column": 6 }, "end": { "line": 261, "column": 7 } },
        "type": "if",
        "locations": [
          { "start": { "line": 255, "column": 6 }, "end": { "line": 261, "column": 7 } },
          { "start": {}, "end": {} }
        ],
        "line": 255
      },
      "19": {
        "loc": { "start": { "line": 257, "column": 72 }, "end": { "line": 257, "column": 112 } },
        "type": "cond-expr",
        "locations": [
          { "start": { "line": 257, "column": 102 }, "end": { "line": 257, "column": 107 } },
          { "start": { "line": 257, "column": 110 }, "end": { "line": 257, "column": 112 } }
        ],
        "line": 257
      },
      "20": {
        "loc": { "start": { "line": 267, "column": 4 }, "end": { "line": 277, "column": 5 } },
        "type": "if",
        "locations": [
          { "start": { "line": 267, "column": 4 }, "end": { "line": 277, "column": 5 } },
          { "start": {}, "end": {} }
        ],
        "line": 267
      },
      "21": {
        "loc": { "start": { "line": 279, "column": 4 }, "end": { "line": 281, "column": 5 } },
        "type": "if",
        "locations": [
          { "start": { "line": 279, "column": 4 }, "end": { "line": 281, "column": 5 } },
          { "start": {}, "end": {} }
        ],
        "line": 279
      },
      "22": {
        "loc": { "start": { "line": 286, "column": 4 }, "end": { "line": 288, "column": 5 } },
        "type": "if",
        "locations": [
          { "start": { "line": 286, "column": 4 }, "end": { "line": 288, "column": 5 } },
          { "start": {}, "end": {} }
        ],
        "line": 286
      },
      "23": {
        "loc": { "start": { "line": 293, "column": 4 }, "end": { "line": 299, "column": 5 } },
        "type": "if",
        "locations": [
          { "start": { "line": 293, "column": 4 }, "end": { "line": 299, "column": 5 } },
          { "start": {}, "end": {} }
        ],
        "line": 293
      },
      "24": {
        "loc": { "start": { "line": 296, "column": 6 }, "end": { "line": 298, "column": 7 } },
        "type": "if",
        "locations": [
          { "start": { "line": 296, "column": 6 }, "end": { "line": 298, "column": 7 } },
          { "start": {}, "end": {} }
        ],
        "line": 296
      },
      "25": {
        "loc": { "start": { "line": 303, "column": 4 }, "end": { "line": 311, "column": 5 } },
        "type": "if",
        "locations": [
          { "start": { "line": 303, "column": 4 }, "end": { "line": 311, "column": 5 } },
          { "start": {}, "end": {} }
        ],
        "line": 303
      },
      "26": {
        "loc": { "start": { "line": 348, "column": 21 }, "end": { "line": 348, "column": 38 } },
        "type": "default-arg",
        "locations": [
          { "start": { "line": 348, "column": 30 }, "end": { "line": 348, "column": 38 } }
        ],
        "line": 348
      },
      "27": {
        "loc": { "start": { "line": 359, "column": 18 }, "end": { "line": 359, "column": 53 } },
        "type": "cond-expr",
        "locations": [
          { "start": { "line": 359, "column": 28 }, "end": { "line": 359, "column": 46 } },
          { "start": { "line": 359, "column": 49 }, "end": { "line": 359, "column": 53 } }
        ],
        "line": 359
      },
      "28": {
        "loc": { "start": { "line": 360, "column": 11 }, "end": { "line": 360, "column": 39 } },
        "type": "cond-expr",
        "locations": [
          { "start": { "line": 360, "column": 21 }, "end": { "line": 360, "column": 32 } },
          { "start": { "line": 360, "column": 35 }, "end": { "line": 360, "column": 39 } }
        ],
        "line": 360
      },
      "29": {
        "loc": { "start": { "line": 370, "column": 2 }, "end": { "line": 374, "column": 3 } },
        "type": "if",
        "locations": [
          { "start": { "line": 370, "column": 2 }, "end": { "line": 374, "column": 3 } },
          { "start": {}, "end": {} }
        ],
        "line": 370
      },
      "30": {
        "loc": { "start": { "line": 370, "column": 6 }, "end": { "line": 370, "column": 49 } },
        "type": "binary-expr",
        "locations": [
          { "start": { "line": 370, "column": 6 }, "end": { "line": 370, "column": 16 } },
          { "start": { "line": 370, "column": 20 }, "end": { "line": 370, "column": 49 } }
        ],
        "line": 370
      },
      "31": {
        "loc": { "start": { "line": 379, "column": 9 }, "end": { "line": 379, "column": 37 } },
        "type": "binary-expr",
        "locations": [
          { "start": { "line": 379, "column": 9 }, "end": { "line": 379, "column": 18 } },
          { "start": { "line": 379, "column": 22 }, "end": { "line": 379, "column": 37 } }
        ],
        "line": 379
      },
      "32": {
        "loc": { "start": { "line": 384, "column": 2 }, "end": { "line": 386, "column": 3 } },
        "type": "if",
        "locations": [
          { "start": { "line": 384, "column": 2 }, "end": { "line": 386, "column": 3 } },
          { "start": {}, "end": {} }
        ],
        "line": 384
      },
      "33": {
        "loc": { "start": { "line": 391, "column": 2 }, "end": { "line": 398, "column": 3 } },
        "type": "if",
        "locations": [
          { "start": { "line": 391, "column": 2 }, "end": { "line": 398, "column": 3 } },
          { "start": { "line": 393, "column": 9 }, "end": { "line": 398, "column": 3 } }
        ],
        "line": 391
      },
      "34": {
        "loc": { "start": { "line": 391, "column": 6 }, "end": { "line": 391, "column": 59 } },
        "type": "binary-expr",
        "locations": [
          { "start": { "line": 391, "column": 6 }, "end": { "line": 391, "column": 27 } },
          { "start": { "line": 391, "column": 31 }, "end": { "line": 391, "column": 45 } },
          { "start": { "line": 391, "column": 49 }, "end": { "line": 391, "column": 59 } }
        ],
        "line": 391
      },
      "35": {
        "loc": { "start": { "line": 393, "column": 9 }, "end": { "line": 398, "column": 3 } },
        "type": "if",
        "locations": [
          { "start": { "line": 393, "column": 9 }, "end": { "line": 398, "column": 3 } },
          { "start": {}, "end": {} }
        ],
        "line": 393
      },
      "36": {
        "loc": { "start": { "line": 393, "column": 13 }, "end": { "line": 393, "column": 66 } },
        "type": "binary-expr",
        "locations": [
          { "start": { "line": 393, "column": 13 }, "end": { "line": 393, "column": 34 } },
          { "start": { "line": 393, "column": 38 }, "end": { "line": 393, "column": 53 } },
          { "start": { "line": 393, "column": 57 }, "end": { "line": 393, "column": 66 } }
        ],
        "line": 393
      },
      "37": {
        "loc": { "start": { "line": 403, "column": 2 }, "end": { "line": 405, "column": 3 } },
        "type": "if",
        "locations": [
          { "start": { "line": 403, "column": 2 }, "end": { "line": 405, "column": 3 } },
          { "start": {}, "end": {} }
        ],
        "line": 403
      },
      "38": {
        "loc": { "start": { "line": 412, "column": 0 }, "end": { "line": 414, "column": 1 } },
        "type": "if",
        "locations": [
          { "start": { "line": 412, "column": 0 }, "end": { "line": 414, "column": 1 } },
          { "start": {}, "end": {} }
        ],
        "line": 412
      },
      "39": {
        "loc": { "start": { "line": 412, "column": 4 }, "end": { "line": 412, "column": 51 } },
        "type": "binary-expr",
        "locations": [
          { "start": { "line": 412, "column": 4 }, "end": { "line": 412, "column": 33 } },
          { "start": { "line": 412, "column": 37 }, "end": { "line": 412, "column": 51 } }
        ],
        "line": 412
      }
    },
    "s": {
      "0": 0,
      "1": 0,
      "2": 0,
      "3": 0,
      "4": 0,
      "5": 0,
      "6": 0,
      "7": 0,
      "8": 0,
      "9": 0,
      "10": 0,
      "11": 0,
      "12": 0,
      "13": 0,
      "14": 0,
      "15": 0,
      "16": 0,
      "17": 0,
      "18": 0,
      "19": 0,
      "20": 0,
      "21": 0,
      "22": 0,
      "23": 0,
      "24": 0,
      "25": 0,
      "26": 0,
      "27": 0,
      "28": 0,
      "29": 0,
      "30": 0,
      "31": 0,
      "32": 0,
      "33": 0,
      "34": 0,
      "35": 0,
      "36": 0,
      "37": 0,
      "38": 0,
      "39": 0,
      "40": 0,
      "41": 0,
      "42": 0,
      "43": 0,
      "44": 0,
      "45": 0,
      "46": 0,
      "47": 0,
      "48": 0,
      "49": 0,
      "50": 0,
      "51": 0,
      "52": 0,
      "53": 0,
      "54": 0,
      "55": 0,
      "56": 0,
      "57": 0,
      "58": 0,
      "59": 0,
      "60": 0,
      "61": 0,
      "62": 0,
      "63": 0,
      "64": 0,
      "65": 0,
      "66": 0,
      "67": 0,
      "68": 0,
      "69": 0,
      "70": 0,
      "71": 0,
      "72": 0,
      "73": 0,
      "74": 0,
      "75": 0,
      "76": 0,
      "77": 0,
      "78": 0,
      "79": 0,
      "80": 0,
      "81": 0,
      "82": 0,
      "83": 0,
      "84": 0,
      "85": 0,
      "86": 0,
      "87": 0,
      "88": 0,
      "89": 0,
      "90": 0,
      "91": 0,
      "92": 0,
      "93": 0,
      "94": 0,
      "95": 0,
      "96": 0,
      "97": 0,
      "98": 0,
      "99": 0,
      "100": 0,
      "101": 0,
      "102": 0,
      "103": 0,
      "104": 0,
      "105": 0,
      "106": 0,
      "107": 0,
      "108": 0,
      "109": 0,
      "110": 0,
      "111": 0,
      "112": 0,
      "113": 0,
      "114": 0,
      "115": 0,
      "116": 0,
      "117": 0,
      "118": 0,
      "119": 0,
      "120": 0,
      "121": 0,
      "122": 0,
      "123": 0,
      "124": 0,
      "125": 0,
      "126": 0,
      "127": 0,
      "128": 0,
      "129": 0,
      "130": 0,
      "131": 0,
      "132": 0,
      "133": 0,
      "134": 0,
      "135": 0,
      "136": 0,
      "137": 0,
      "138": 0,
      "139": 0,
      "140": 0,
      "141": 0,
      "142": 0,
      "143": 0,
      "144": 0,
      "145": 0,
      "146": 0,
      "147": 0,
      "148": 0,
      "149": 0,
      "150": 0,
      "151": 0,
      "152": 0,
      "153": 0,
      "154": 0,
      "155": 0,
      "156": 0,
      "157": 0,
      "158": 0,
      "159": 0,
      "160": 0,
      "161": 0,
      "162": 0,
      "163": 0,
      "164": 0,
      "165": 0,
      "166": 0,
      "167": 0
    },
    "f": {
      "0": 0,
      "1": 0,
      "2": 0,
      "3": 0,
      "4": 0,
      "5": 0,
      "6": 0,
      "7": 0,
      "8": 0,
      "9": 0,
      "10": 0,
      "11": 0,
      "12": 0,
      "13": 0,
      "14": 0,
      "15": 0,
      "16": 0,
      "17": 0,
      "18": 0,
      "19": 0,
      "20": 0,
      "21": 0,
      "22": 0,
      "23": 0,
      "24": 0,
      "25": 0,
      "26": 0,
      "27": 0,
      "28": 0,
      "29": 0,
      "30": 0,
      "31": 0,
      "32": 0,
      "33": 0,
      "34": 0,
      "35": 0
    },
    "b": {
      "0": [0, 0],
      "1": [0, 0, 0],
      "2": [0, 0],
      "3": [0, 0],
      "4": [0, 0],
      "5": [0, 0],
      "6": [0, 0],
      "7": [0, 0, 0, 0, 0, 0, 0, 0, 0],
      "8": [0],
      "9": [0, 0],
      "10": [0, 0],
      "11": [0, 0],
      "12": [0, 0],
      "13": [0, 0],
      "14": [0, 0],
      "15": [0, 0],
      "16": [0, 0],
      "17": [0, 0],
      "18": [0, 0],
      "19": [0, 0],
      "20": [0, 0],
      "21": [0, 0],
      "22": [0, 0],
      "23": [0, 0],
      "24": [0, 0],
      "25": [0, 0],
      "26": [0],
      "27": [0, 0],
      "28": [0, 0],
      "29": [0, 0],
      "30": [0, 0],
      "31": [0, 0],
      "32": [0, 0],
      "33": [0, 0],
      "34": [0, 0, 0],
      "35": [0, 0],
      "36": [0, 0, 0],
      "37": [0, 0],
      "38": [0, 0],
      "39": [0, 0]
    }
  }
}
