TN:
SF:src/js/api.js
FN:5,(anonymous_0)
FNF:1
FNH:0
FNDA:0,(anonymous_0)
DA:3,0
DA:5,0
DA:6,0
DA:8,0
DA:13,0
DA:14,0
DA:17,0
DA:22,0
DA:24,0
DA:25,0
DA:26,0
DA:28,0
DA:31,0
DA:34,0
DA:59,0
DA:60,0
DA:61,0
LF:17
LH:0
BRDA:5,0,0,0
BRDA:13,1,0,0
BRDA:13,1,1,0
BRDA:22,2,0,0
BRDA:22,2,1,0
BRF:5
BRH:0
end_of_record
TN:
SF:src/js/auth.js
FN:4,getApiBaseUrl
FN:10,(anonymous_1)
FN:35,(anonymous_2)
FN:76,(anonymous_3)
FN:98,(anonymous_4)
FN:126,(anonymous_5)
FN:140,(anonymous_6)
FN:180,(anonymous_7)
FN:220,(anonymous_8)
FNF:9
FNH:0
FNDA:0,getApiBaseUrl
FNDA:0,(anonymous_1)
FNDA:0,(anonymous_2)
FNDA:0,(anonymous_3)
FNDA:0,(anonymous_4)
FNDA:0,(anonymous_5)
FNDA:0,(anonymous_6)
FNDA:0,(anonymous_7)
FNDA:0,(anonymous_8)
DA:5,0
DA:6,0
DA:10,0
DA:11,0
DA:12,0
DA:13,0
DA:14,0
DA:21,0
DA:24,0
DA:25,0
DA:26,0
DA:27,0
DA:30,0
DA:35,0
DA:36,0
DA:38,0
DA:39,0
DA:40,0
DA:41,0
DA:44,0
DA:45,0
DA:51,0
DA:53,0
DA:55,0
DA:58,0
DA:59,0
DA:61,0
DA:62,0
DA:64,0
DA:65,0
DA:66,0
DA:69,0
DA:70,0
DA:71,0
DA:76,0
DA:77,0
DA:78,0
DA:80,0
DA:81,0
DA:85,0
DA:86,0
DA:87,0
DA:89,0
DA:90,0
DA:91,0
DA:94,0
DA:98,0
DA:99,0
DA:100,0
DA:102,0
DA:103,0
DA:105,0
DA:107,0
DA:110,0
DA:111,0
DA:112,0
DA:114,0
DA:115,0
DA:116,0
DA:117,0
DA:120,0
DA:121,0
DA:126,0
DA:129,0
DA:134,0
DA:138,0
DA:139,0
DA:140,0
DA:141,0
DA:142,0
DA:143,0
DA:144,0
DA:146,0
DA:147,0
DA:153,0
DA:155,0
DA:157,0
DA:158,0
DA:159,0
DA:162,0
DA:163,0
DA:166,0
DA:168,0
DA:169,0
DA:172,0
DA:173,0
DA:178,0
DA:179,0
DA:180,0
DA:181,0
DA:182,0
DA:183,0
DA:184,0
DA:185,0
DA:187,0
DA:188,0
DA:194,0
DA:196,0
DA:198,0
DA:199,0
DA:200,0
DA:203,0
DA:204,0
DA:207,0
DA:209,0
DA:210,0
DA:213,0
DA:214,0
DA:220,0
DA:221,0
DA:223,0
DA:224,0
DA:225,0
DA:228,0
DA:233,0
DA:234,0
DA:237,0
DA:243,0
DA:244,0
DA:245,0
DA:246,0
DA:247,0
DA:248,0
DA:250,0
DA:251,0
DA:256,0
DA:260,0
DA:261,0
DA:262,0
DA:264,0
LF:130
LH:0
BRDA:5,0,0,0
BRDA:5,0,1,0
BRDA:13,1,0,0
BRDA:13,1,1,0
BRDA:38,2,0,0
BRDA:38,2,1,0
BRDA:53,3,0,0
BRDA:53,3,1,0
BRDA:80,4,0,0
BRDA:80,4,1,0
BRDA:86,5,0,0
BRDA:86,5,1,0
BRDA:89,6,0,0
BRDA:89,6,1,0
BRDA:105,7,0,0
BRDA:105,7,1,0
BRDA:105,8,0,0
BRDA:105,8,1,0
BRDA:110,9,0,0
BRDA:110,9,1,0
BRDA:115,10,0,0
BRDA:115,10,1,0
BRDA:139,11,0,0
BRDA:139,11,1,0
BRDA:155,12,0,0
BRDA:155,12,1,0
BRDA:157,13,0,0
BRDA:157,13,1,0
BRDA:168,14,0,0
BRDA:168,14,1,0
BRDA:179,15,0,0
BRDA:179,15,1,0
BRDA:196,16,0,0
BRDA:196,16,1,0
BRDA:198,17,0,0
BRDA:198,17,1,0
BRDA:209,18,0,0
BRDA:209,18,1,0
BRDA:220,19,0,0
BRDA:223,20,0,0
BRDA:223,20,1,0
BRDA:223,21,0,0
BRDA:223,21,1,0
BRDA:233,22,0,0
BRDA:233,22,1,0
BRDA:233,23,0,0
BRDA:233,23,1,0
BRDA:243,24,0,0
BRDA:243,24,1,0
BRDA:245,25,0,0
BRDA:245,25,1,0
BRDA:248,26,0,0
BRDA:248,26,1,0
BRF:53
BRH:0
end_of_record
TN:
SF:src/js/chart.js
FN:5,(anonymous_0)
FNF:1
FNH:0
FNDA:0,(anonymous_0)
DA:3,0
DA:5,0
DA:6,0
DA:7,0
DA:8,0
DA:33,0
DA:34,0
DA:36,0
LF:8
LH:0
BRDA:7,0,0,0
BRDA:7,0,1,0
BRDA:7,1,0,0
BRDA:7,1,1,0
BRDA:33,2,0,0
BRDA:33,2,1,0
BRF:6
BRH:0
end_of_record
TN:
SF:src/js/chat.js
FN:24,(anonymous_0)
FN:41,(anonymous_1)
FN:46,(anonymous_2)
FN:66,(anonymous_3)
FN:88,(anonymous_4)
FN:119,(anonymous_5)
FN:139,(anonymous_6)
FN:159,(anonymous_7)
FN:172,(anonymous_8)
FN:208,(anonymous_9)
FN:209,(anonymous_10)
FN:217,(anonymous_11)
FN:224,(anonymous_12)
FN:244,(anonymous_13)
FN:261,(anonymous_14)
FN:264,(anonymous_15)
FN:267,(anonymous_16)
FN:271,(anonymous_17)
FN:291,(anonymous_18)
FN:296,(anonymous_19)
FN:303,(anonymous_20)
FN:314,(anonymous_21)
FN:327,(anonymous_22)
FN:341,(anonymous_23)
FN:352,(anonymous_24)
FN:358,(anonymous_25)
FN:363,(anonymous_26)
FN:386,(anonymous_27)
FN:394,(anonymous_28)
FN:399,getApiBaseUrl
FNF:30
FNH:0
FNDA:0,(anonymous_0)
FNDA:0,(anonymous_1)
FNDA:0,(anonymous_2)
FNDA:0,(anonymous_3)
FNDA:0,(anonymous_4)
FNDA:0,(anonymous_5)
FNDA:0,(anonymous_6)
FNDA:0,(anonymous_7)
FNDA:0,(anonymous_8)
FNDA:0,(anonymous_9)
FNDA:0,(anonymous_10)
FNDA:0,(anonymous_11)
FNDA:0,(anonymous_12)
FNDA:0,(anonymous_13)
FNDA:0,(anonymous_14)
FNDA:0,(anonymous_15)
FNDA:0,(anonymous_16)
FNDA:0,(anonymous_17)
FNDA:0,(anonymous_18)
FNDA:0,(anonymous_19)
FNDA:0,(anonymous_20)
FNDA:0,(anonymous_21)
FNDA:0,(anonymous_22)
FNDA:0,(anonymous_23)
FNDA:0,(anonymous_24)
FNDA:0,(anonymous_25)
FNDA:0,(anonymous_26)
FNDA:0,(anonymous_27)
FNDA:0,(anonymous_28)
FNDA:0,getApiBaseUrl
DA:4,0
DA:5,0
DA:6,0
DA:9,0
DA:10,0
DA:11,0
DA:12,0
DA:13,0
DA:14,0
DA:15,0
DA:16,0
DA:17,0
DA:18,0
DA:19,0
DA:20,0
DA:21,0
DA:24,0
DA:25,0
DA:26,0
DA:27,0
DA:28,0
DA:30,0
DA:31,0
DA:32,0
DA:33,0
DA:34,0
DA:35,0
DA:37,0
DA:41,0
DA:42,0
DA:46,0
DA:47,0
DA:48,0
DA:49,0
DA:53,0
DA:54,0
DA:55,0
DA:57,0
DA:61,0
DA:62,0
DA:66,0
DA:67,0
DA:68,0
DA:69,0
DA:76,0
DA:77,0
DA:78,0
DA:80,0
DA:83,0
DA:84,0
DA:88,0
DA:89,0
DA:90,0
DA:91,0
DA:103,0
DA:104,0
DA:105,0
DA:106,0
DA:108,0
DA:110,0
DA:111,0
DA:114,0
DA:115,0
DA:119,0
DA:120,0
DA:121,0
DA:122,0
DA:126,0
DA:127,0
DA:128,0
DA:130,0
DA:131,0
DA:134,0
DA:135,0
DA:139,0
DA:140,0
DA:141,0
DA:142,0
DA:146,0
DA:147,0
DA:148,0
DA:150,0
DA:153,0
DA:154,0
DA:159,0
DA:160,0
DA:161,0
DA:167,0
DA:170,0
DA:172,0
DA:208,0
DA:209,0
DA:210,0
DA:211,0
DA:212,0
DA:217,0
DA:218,0
DA:219,0
DA:220,0
DA:223,0
DA:225,0
DA:226,0
DA:241,0
DA:244,0
DA:245,0
DA:246,0
DA:247,0
DA:248,0
DA:258,0
DA:261,0
DA:262,0
DA:264,0
DA:267,0
DA:268,0
DA:271,0
DA:272,0
DA:274,0
DA:279,0
DA:280,0
DA:281,0
DA:282,0
DA:285,0
DA:288,0
DA:291,0
DA:292,0
DA:293,0
DA:296,0
DA:297,0
DA:298,0
DA:303,0
DA:304,0
DA:305,0
DA:306,0
DA:314,0
DA:316,0
DA:317,0
DA:318,0
DA:319,0
DA:320,0
DA:324,0
DA:327,0
DA:328,0
DA:329,0
DA:332,0
DA:335,0
DA:338,0
DA:341,0
DA:342,0
DA:343,0
DA:345,0
DA:347,0
DA:348,0
DA:352,0
DA:353,0
DA:354,0
DA:358,0
DA:359,0
DA:363,0
DA:364,0
DA:365,0
DA:366,0
DA:367,0
DA:370,0
DA:371,0
DA:372,0
DA:375,0
DA:378,0
DA:379,0
DA:381,0
DA:386,0
DA:387,0
DA:388,0
DA:394,0
DA:395,0
DA:400,0
DA:401,0
LF:176
LH:0
BRDA:30,0,0,0
BRDA:30,0,1,0
BRDA:32,1,0,0
BRDA:32,1,1,0
BRDA:34,2,0,0
BRDA:34,2,1,0
BRDA:53,3,0,0
BRDA:53,3,1,0
BRDA:76,4,0,0
BRDA:76,4,1,0
BRDA:103,5,0,0
BRDA:103,5,1,0
BRDA:126,6,0,0
BRDA:126,6,1,0
BRDA:146,7,0,0
BRDA:146,7,1,0
BRDA:160,8,0,0
BRDA:160,8,1,0
BRDA:174,9,0,0
BRDA:174,9,1,0
BRDA:182,10,0,0
BRDA:182,10,1,0
BRDA:187,11,0,0
BRDA:187,11,1,0
BRDA:190,12,0,0
BRDA:190,12,1,0
BRDA:218,13,0,0
BRDA:218,13,1,0
BRDA:227,14,0,0
BRDA:227,14,1,0
BRDA:229,15,0,0
BRDA:229,15,1,0
BRDA:232,16,0,0
BRDA:232,16,1,0
BRDA:247,17,0,0
BRDA:247,17,1,0
BRDA:250,18,0,0
BRDA:250,18,1,0
BRDA:253,19,0,0
BRDA:253,19,1,0
BRDA:292,20,0,0
BRDA:292,20,1,0
BRDA:297,21,0,0
BRDA:297,21,1,0
BRDA:304,22,0,0
BRDA:304,22,1,0
BRDA:317,23,0,0
BRDA:317,23,1,0
BRDA:328,24,0,0
BRDA:328,24,1,0
BRDA:345,25,0,0
BRDA:345,25,1,0
BRDA:345,26,0,0
BRDA:345,26,1,0
BRDA:365,27,0,0
BRDA:365,27,1,0
BRDA:387,28,0,0
BRDA:387,28,1,0
BRDA:400,29,0,0
BRDA:400,29,1,0
BRF:60
BRH:0
end_of_record
TN:
SF:src/js/dashboard.js
FN:5,getApiBaseUrl
FN:10,(anonymous_1)
FN:34,(anonymous_2)
FN:45,(anonymous_3)
FN:72,(anonymous_4)
FN:77,(anonymous_5)
FN:115,(anonymous_6)
FN:154,(anonymous_7)
FN:165,(anonymous_8)
FNF:9
FNH:0
FNDA:0,getApiBaseUrl
FNDA:0,(anonymous_1)
FNDA:0,(anonymous_2)
FNDA:0,(anonymous_3)
FNDA:0,(anonymous_4)
FNDA:0,(anonymous_5)
FNDA:0,(anonymous_6)
FNDA:0,(anonymous_7)
FNDA:0,(anonymous_8)
DA:6,0
DA:7,0
DA:10,0
DA:11,0
DA:12,0
DA:14,0
DA:15,0
DA:23,0
DA:24,0
DA:25,0
DA:27,0
DA:30,0
DA:34,0
DA:35,0
DA:36,0
DA:38,0
DA:40,0
DA:41,0
DA:42,0
DA:45,0
DA:46,0
DA:47,0
DA:48,0
DA:68,0
DA:72,0
DA:73,0
DA:77,0
DA:78,0
DA:79,0
DA:80,0
DA:83,0
DA:84,0
DA:86,0
DA:87,0
DA:92,0
DA:94,0
DA:95,0
DA:96,0
DA:97,0
DA:98,0
DA:99,0
DA:101,0
DA:102,0
DA:103,0
DA:105,0
DA:107,0
DA:108,0
DA:111,0
DA:115,0
DA:116,0
DA:117,0
DA:118,0
DA:120,0
DA:121,0
DA:123,0
DA:128,0
DA:129,0
DA:138,0
DA:139,0
DA:140,0
DA:141,0
DA:143,0
DA:144,0
DA:147,0
DA:148,0
DA:154,0
DA:156,0
DA:157,0
DA:158,0
DA:159,0
DA:162,0
DA:165,0
DA:166,0
DA:167,0
DA:170,0
DA:173,0
DA:175,0
DA:177,0
DA:178,0
DA:179,0
DA:184,0
LF:81
LH:0
BRDA:6,0,0,0
BRDA:6,0,1,0
BRDA:12,1,0,0
BRDA:12,1,1,0
BRDA:23,2,0,0
BRDA:23,2,1,0
BRDA:36,3,0,0
BRDA:36,3,1,0
BRDA:40,4,0,0
BRDA:40,4,1,0
BRDA:59,5,0,0
BRDA:59,5,1,0
BRDA:84,6,0,0
BRDA:84,6,1,0
BRDA:92,7,0,0
BRDA:92,7,1,0
BRDA:96,8,0,0
BRDA:96,8,1,0
BRDA:118,9,0,0
BRDA:118,9,1,0
BRDA:138,10,0,0
BRDA:138,10,1,0
BRDA:156,11,0,0
BRDA:156,11,1,0
BRDA:166,12,0,0
BRDA:166,12,1,0
BRDA:178,13,0,0
BRDA:178,13,1,0
BRF:28
BRH:0
end_of_record
TN:
SF:src/js/friends.js
FN:5,getApiBaseUrl
FN:19,(anonymous_1)
FN:25,(anonymous_2)
FN:29,(anonymous_3)
FN:33,(anonymous_4)
FN:39,(anonymous_5)
FN:54,(anonymous_6)
FN:54,(anonymous_7)
FN:57,(anonymous_8)
FN:57,(anonymous_9)
FN:60,(anonymous_10)
FN:64,(anonymous_11)
FN:76,(anonymous_12)
FN:76,(anonymous_13)
FN:80,(anonymous_14)
FN:89,(anonymous_15)
FN:99,(anonymous_16)
FN:110,(anonymous_17)
FN:118,(anonymous_18)
FN:125,(anonymous_19)
FNF:20
FNH:0
FNDA:0,getApiBaseUrl
FNDA:0,(anonymous_1)
FNDA:0,(anonymous_2)
FNDA:0,(anonymous_3)
FNDA:0,(anonymous_4)
FNDA:0,(anonymous_5)
FNDA:0,(anonymous_6)
FNDA:0,(anonymous_7)
FNDA:0,(anonymous_8)
FNDA:0,(anonymous_9)
FNDA:0,(anonymous_10)
FNDA:0,(anonymous_11)
FNDA:0,(anonymous_12)
FNDA:0,(anonymous_13)
FNDA:0,(anonymous_14)
FNDA:0,(anonymous_15)
FNDA:0,(anonymous_16)
FNDA:0,(anonymous_17)
FNDA:0,(anonymous_18)
FNDA:0,(anonymous_19)
DA:6,0
DA:7,0
DA:11,0
DA:12,0
DA:13,0
DA:14,0
DA:16,0
DA:19,0
DA:20,0
DA:21,0
DA:25,0
DA:26,0
DA:27,0
DA:28,0
DA:29,0
DA:33,0
DA:34,0
DA:35,0
DA:36,0
DA:39,0
DA:52,0
DA:54,0
DA:55,0
DA:57,0
DA:60,0
DA:61,0
DA:64,0
DA:74,0
DA:76,0
DA:80,0
DA:81,0
DA:86,0
DA:89,0
DA:90,0
DA:95,0
DA:96,0
DA:99,0
DA:100,0
DA:101,0
DA:102,0
DA:103,0
DA:105,0
DA:106,0
DA:107,0
DA:110,0
DA:111,0
DA:112,0
DA:118,0
DA:119,0
DA:120,0
DA:121,0
DA:125,0
DA:126,0
DA:127,0
DA:130,0
DA:133,0
DA:135,0
DA:136,0
LF:58
LH:0
BRDA:6,0,0,0
BRDA:6,0,1,0
BRDA:19,1,0,0
BRDA:28,2,0,0
BRDA:28,2,1,0
BRDA:36,3,0,0
BRDA:36,3,1,0
BRDA:61,4,0,0
BRDA:61,4,1,0
BRDA:101,5,0,0
BRDA:101,5,1,0
BRDA:119,6,0,0
BRDA:119,6,1,0
BRDA:126,7,0,0
BRDA:126,7,1,0
BRF:15
BRH:0
end_of_record
TN:
SF:src/js/main.js
FNF:0
FNH:0
DA:2,0
LF:1
LH:0
BRF:0
BRH:0
end_of_record
TN:
SF:src/js/news.js
FN:4,getApiBaseUrl
FN:11,(anonymous_1)
FN:24,(anonymous_2)
FN:28,(anonymous_3)
FN:43,(anonymous_4)
FNF:5
FNH:0
FNDA:0,getApiBaseUrl
FNDA:0,(anonymous_1)
FNDA:0,(anonymous_2)
FNDA:0,(anonymous_3)
FNDA:0,(anonymous_4)
DA:5,0
DA:6,0
DA:9,0
DA:11,0
DA:12,0
DA:13,0
DA:14,0
DA:15,0
DA:18,0
DA:22,0
DA:24,0
DA:25,0
DA:28,0
DA:29,0
DA:30,0
DA:31,0
DA:33,0
DA:34,0
DA:36,0
DA:38,0
DA:39,0
DA:43,0
DA:44,0
DA:45,0
DA:46,0
DA:47,0
DA:48,0
LF:27
LH:0
BRDA:5,0,0,0
BRDA:5,0,1,0
BRDA:13,1,0,0
BRDA:13,1,1,0
BRDA:15,2,0,0
BRDA:15,2,1,0
BRDA:33,3,0,0
BRDA:33,3,1,0
BRDA:38,4,0,0
BRDA:38,4,1,0
BRF:10
BRH:0
end_of_record
TN:
SF:src/js/post.js
FN:5,getApiBaseUrl
FN:17,(anonymous_1)
FN:49,(anonymous_2)
FN:69,(anonymous_3)
FN:76,(anonymous_4)
FN:93,(anonymous_5)
FN:98,(anonymous_6)
FN:128,(anonymous_7)
FN:156,(anonymous_8)
FN:179,(anonymous_9)
FN:186,(anonymous_10)
FNF:11
FNH:0
FNDA:0,getApiBaseUrl
FNDA:0,(anonymous_1)
FNDA:0,(anonymous_2)
FNDA:0,(anonymous_3)
FNDA:0,(anonymous_4)
FNDA:0,(anonymous_5)
FNDA:0,(anonymous_6)
FNDA:0,(anonymous_7)
FNDA:0,(anonymous_8)
FNDA:0,(anonymous_9)
FNDA:0,(anonymous_10)
DA:6,0
DA:7,0
DA:10,0
DA:11,0
DA:13,0
DA:14,0
DA:15,0
DA:17,0
DA:18,0
DA:19,0
DA:20,0
DA:21,0
DA:23,0
DA:26,0
DA:27,0
DA:29,0
DA:30,0
DA:32,0
DA:36,0
DA:37,0
DA:38,0
DA:39,0
DA:41,0
DA:44,0
DA:45,0
DA:49,0
DA:50,0
DA:66,0
DA:69,0
DA:70,0
DA:71,0
DA:72,0
DA:74,0
DA:76,0
DA:93,0
DA:94,0
DA:98,0
DA:100,0
DA:101,0
DA:102,0
DA:103,0
DA:104,0
DA:106,0
DA:107,0
DA:111,0
DA:112,0
DA:113,0
DA:114,0
DA:115,0
DA:116,0
DA:118,0
DA:119,0
DA:121,0
DA:124,0
DA:128,0
DA:129,0
DA:130,0
DA:131,0
DA:132,0
DA:134,0
DA:136,0
DA:137,0
DA:145,0
DA:146,0
DA:147,0
DA:149,0
DA:152,0
DA:156,0
DA:157,0
DA:158,0
DA:160,0
DA:161,0
DA:162,0
DA:167,0
DA:168,0
DA:170,0
DA:173,0
DA:179,0
DA:180,0
DA:181,0
DA:182,0
DA:186,0
DA:187,0
DA:188,0
DA:191,0
DA:194,0
DA:196,0
DA:197,0
LF:88
LH:0
BRDA:6,0,0,0
BRDA:6,0,1,0
BRDA:20,1,0,0
BRDA:20,1,1,0
BRDA:36,2,0,0
BRDA:36,2,1,0
BRDA:56,3,0,0
BRDA:56,3,1,0
BRDA:70,4,0,0
BRDA:70,4,1,0
BRDA:82,5,0,0
BRDA:82,5,1,0
BRDA:104,6,0,0
BRDA:104,6,1,0
BRDA:111,7,0,0
BRDA:111,7,1,0
BRDA:114,8,0,0
BRDA:114,8,1,0
BRDA:134,9,0,0
BRDA:134,9,1,0
BRDA:145,10,0,0
BRDA:145,10,1,0
BRDA:158,11,0,0
BRDA:158,11,1,0
BRDA:167,12,0,0
BRDA:167,12,1,0
BRDA:180,13,0,0
BRDA:180,13,1,0
BRDA:187,14,0,0
BRDA:187,14,1,0
BRF:30
BRH:0
end_of_record
TN:
SF:src/js/profile.js
FN:5,getApiBaseUrl
FN:29,(anonymous_1)
FN:59,(anonymous_2)
FN:69,(anonymous_3)
FN:93,(anonymous_4)
FN:96,(anonymous_5)
FN:101,(anonymous_6)
FN:128,(anonymous_7)
FN:147,(anonymous_8)
FN:176,(anonymous_9)
FN:188,(anonymous_10)
FN:193,(anonymous_11)
FN:231,(anonymous_12)
FN:269,(anonymous_13)
FN:286,(anonymous_14)
FNF:15
FNH:0
FNDA:0,getApiBaseUrl
FNDA:0,(anonymous_1)
FNDA:0,(anonymous_2)
FNDA:0,(anonymous_3)
FNDA:0,(anonymous_4)
FNDA:0,(anonymous_5)
FNDA:0,(anonymous_6)
FNDA:0,(anonymous_7)
FNDA:0,(anonymous_8)
FNDA:0,(anonymous_9)
FNDA:0,(anonymous_10)
FNDA:0,(anonymous_11)
FNDA:0,(anonymous_12)
FNDA:0,(anonymous_13)
FNDA:0,(anonymous_14)
DA:6,0
DA:7,0
DA:10,0
DA:12,0
DA:15,0
DA:16,0
DA:17,0
DA:19,0
DA:20,0
DA:21,0
DA:23,0
DA:24,0
DA:25,0
DA:29,0
DA:31,0
DA:32,0
DA:33,0
DA:34,0
DA:35,0
DA:37,0
DA:38,0
DA:42,0
DA:43,0
DA:44,0
DA:45,0
DA:46,0
DA:47,0
DA:49,0
DA:50,0
DA:52,0
DA:55,0
DA:59,0
DA:60,0
DA:62,0
DA:63,0
DA:64,0
DA:67,0
DA:69,0
DA:93,0
DA:94,0
DA:96,0
DA:97,0
DA:101,0
DA:102,0
DA:103,0
DA:104,0
DA:107,0
DA:108,0
DA:109,0
DA:114,0
DA:115,0
DA:117,0
DA:119,0
DA:120,0
DA:123,0
DA:124,0
DA:128,0
DA:129,0
DA:130,0
DA:131,0
DA:134,0
DA:135,0
DA:136,0
DA:138,0
DA:141,0
DA:142,0
DA:147,0
DA:148,0
DA:149,0
DA:151,0
DA:152,0
DA:153,0
DA:156,0
DA:173,0
DA:176,0
DA:177,0
DA:180,0
DA:181,0
DA:184,0
DA:185,0
DA:188,0
DA:189,0
DA:190,0
DA:193,0
DA:194,0
DA:195,0
DA:196,0
DA:198,0
DA:199,0
DA:200,0
DA:201,0
DA:204,0
DA:205,0
DA:206,0
DA:210,0
DA:212,0
DA:213,0
DA:214,0
DA:215,0
DA:216,0
DA:218,0
DA:219,0
DA:220,0
DA:221,0
DA:222,0
DA:223,0
DA:226,0
DA:227,0
DA:231,0
DA:232,0
DA:233,0
DA:235,0
DA:240,0
DA:241,0
DA:250,0
DA:252,0
DA:253,0
DA:254,0
DA:255,0
DA:257,0
DA:260,0
DA:261,0
DA:269,0
DA:270,0
DA:271,0
DA:279,0
DA:280,0
DA:281,0
DA:282,0
DA:286,0
DA:287,0
DA:288,0
DA:291,0
DA:294,0
DA:296,0
DA:298,0
DA:299,0
DA:301,0
DA:302,0
DA:304,0
DA:305,0
LF:141
LH:0
BRDA:6,0,0,0
BRDA:6,0,1,0
BRDA:35,1,0,0
BRDA:35,1,1,0
BRDA:42,2,0,0
BRDA:42,2,1,0
BRDA:45,3,0,0
BRDA:45,3,1,0
BRDA:60,4,0,0
BRDA:60,4,1,0
BRDA:62,5,0,0
BRDA:62,5,1,0
BRDA:79,6,0,0
BRDA:79,6,1,0
BRDA:103,7,0,0
BRDA:103,7,1,0
BRDA:114,8,0,0
BRDA:114,8,1,0
BRDA:134,9,0,0
BRDA:134,9,1,0
BRDA:151,10,0,0
BRDA:151,10,1,0
BRDA:168,11,0,0
BRDA:168,11,1,0
BRDA:177,12,0,0
BRDA:177,12,1,0
BRDA:181,13,0,0
BRDA:181,13,1,0
BRDA:198,14,0,0
BRDA:198,14,1,0
BRDA:212,15,0,0
BRDA:212,15,1,0
BRDA:252,16,0,0
BRDA:252,16,1,0
BRDA:279,17,0,0
BRDA:279,17,1,0
BRDA:287,18,0,0
BRDA:287,18,1,0
BRDA:298,19,0,0
BRDA:298,19,1,0
BRDA:301,20,0,0
BRDA:301,20,1,0
BRDA:304,21,0,0
BRDA:304,21,1,0
BRF:44
BRH:0
end_of_record
TN:
SF:src/js/template.js
FN:7,(anonymous_0)
FN:14,(anonymous_1)
FN:29,(anonymous_2)
FN:33,(anonymous_3)
FN:39,(anonymous_4)
FN:50,(anonymous_5)
FN:71,(anonymous_6)
FNF:7
FNH:0
FNDA:0,(anonymous_0)
FNDA:0,(anonymous_1)
FNDA:0,(anonymous_2)
FNDA:0,(anonymous_3)
FNDA:0,(anonymous_4)
FNDA:0,(anonymous_5)
FNDA:0,(anonymous_6)
DA:8,0
DA:15,0
DA:16,0
DA:17,0
DA:18,0
DA:19,0
DA:21,0
DA:22,0
DA:30,0
DA:33,0
DA:34,0
DA:35,0
DA:39,0
DA:40,0
DA:41,0
DA:44,0
DA:52,0
DA:55,0
DA:56,0
DA:60,0
DA:61,0
DA:62,0
DA:68,0
DA:71,0
DA:73,0
DA:74,0
DA:78,0
LF:27
LH:0
BRDA:29,0,0,0
BRDA:35,1,0,0
BRDA:35,1,1,0
BRDA:55,2,0,0
BRDA:55,2,1,0
BRDA:61,3,0,0
BRDA:61,3,1,0
BRDA:62,4,0,0
BRDA:62,4,1,0
BRDA:75,5,0,0
BRDA:75,5,1,0
BRF:11
BRH:0
end_of_record
TN:
SF:src/js/utils/errorManager.js
FN:5,(anonymous_0)
FN:13,(anonymous_1)
FN:15,(anonymous_2)
FN:27,(anonymous_3)
FN:37,(anonymous_4)
FN:52,(anonymous_5)
FN:104,(anonymous_6)
FN:114,(anonymous_7)
FN:119,(anonymous_8)
FN:128,(anonymous_9)
FN:136,(anonymous_10)
FN:144,(anonymous_11)
FN:146,(anonymous_12)
FN:154,(anonymous_13)
FN:196,(anonymous_14)
FN:210,(anonymous_15)
FN:221,(anonymous_16)
FN:232,(anonymous_17)
FN:234,(anonymous_18)
FN:238,(anonymous_19)
FNF:20
FNH:0
FNDA:0,(anonymous_0)
FNDA:0,(anonymous_1)
FNDA:0,(anonymous_2)
FNDA:0,(anonymous_3)
FNDA:0,(anonymous_4)
FNDA:0,(anonymous_5)
FNDA:0,(anonymous_6)
FNDA:0,(anonymous_7)
FNDA:0,(anonymous_8)
FNDA:0,(anonymous_9)
FNDA:0,(anonymous_10)
FNDA:0,(anonymous_11)
FNDA:0,(anonymous_12)
FNDA:0,(anonymous_13)
FNDA:0,(anonymous_14)
FNDA:0,(anonymous_15)
FNDA:0,(anonymous_16)
FNDA:0,(anonymous_17)
FNDA:0,(anonymous_18)
FNDA:0,(anonymous_19)
DA:6,0
DA:7,0
DA:8,0
DA:9,0
DA:15,0
DA:16,0
DA:27,0
DA:28,0
DA:38,0
DA:39,0
DA:46,0
DA:47,0
DA:53,0
DA:54,0
DA:100,0
DA:109,0
DA:111,0
DA:112,0
DA:114,0
DA:115,0
DA:118,0
DA:119,0
DA:120,0
DA:124,0
DA:129,0
DA:130,0
DA:131,0
DA:136,0
DA:137,0
DA:140,0
DA:145,0
DA:146,0
DA:147,0
DA:148,0
DA:155,0
DA:156,0
DA:158,0
DA:159,0
DA:161,0
DA:162,0
DA:164,0
DA:165,0
DA:167,0
DA:168,0
DA:170,0
DA:171,0
DA:173,0
DA:174,0
DA:175,0
DA:177,0
DA:178,0
DA:180,0
DA:184,0
DA:192,0
DA:197,0
DA:202,0
DA:203,0
DA:206,0
DA:211,0
DA:217,0
DA:222,0
DA:228,0
DA:233,0
DA:234,0
DA:239,0
DA:244,0
DA:247,0
DA:248,0
LF:68
LH:0
BRDA:30,0,0,0
BRDA:30,0,1,0
BRDA:46,1,0,0
BRDA:46,1,1,0
BRDA:46,2,0,0
BRDA:46,2,1,0
BRDA:104,3,0,0
BRDA:104,4,0,0
BRDA:106,5,0,0
BRDA:107,6,0,0
BRDA:108,7,0,0
BRDA:118,8,0,0
BRDA:118,8,1,0
BRDA:118,9,0,0
BRDA:118,9,1,0
BRDA:147,10,0,0
BRDA:147,10,1,0
BRDA:154,11,0,0
BRDA:158,12,0,0
BRDA:158,12,1,0
BRDA:159,13,0,0
BRDA:159,13,1,0
BRDA:159,13,2,0
BRDA:159,13,3,0
BRDA:159,13,4,0
BRDA:159,13,5,0
BRDA:159,13,6,0
BRDA:188,14,0,0
BRDA:188,14,1,0
BRDA:202,15,0,0
BRDA:202,15,1,0
BRDA:217,16,0,0
BRDA:217,16,1,0
BRDA:228,17,0,0
BRDA:228,17,1,0
BRDA:247,18,0,0
BRDA:247,18,1,0
BRDA:247,19,0,0
BRDA:247,19,1,0
BRF:39
BRH:0
end_of_record
TN:
SF:src/js/utils/loadingManager.js
FN:5,(anonymous_0)
FN:11,(anonymous_1)
FN:147,(anonymous_2)
FN:167,(anonymous_3)
FN:176,(anonymous_4)
FN:196,(anonymous_5)
FN:226,(anonymous_6)
FN:232,(anonymous_7)
FN:244,(anonymous_8)
FN:250,(anonymous_9)
FN:270,(anonymous_10)
FN:290,(anonymous_11)
FN:296,(anonymous_12)
FN:308,(anonymous_13)
FN:314,(anonymous_14)
FN:324,(anonymous_15)
FN:354,(anonymous_16)
FN:385,(anonymous_17)
FN:398,(anonymous_18)
FN:423,(anonymous_19)
FN:424,(anonymous_20)
FNF:21
FNH:0
FNDA:0,(anonymous_0)
FNDA:0,(anonymous_1)
FNDA:0,(anonymous_2)
FNDA:0,(anonymous_3)
FNDA:0,(anonymous_4)
FNDA:0,(anonymous_5)
FNDA:0,(anonymous_6)
FNDA:0,(anonymous_7)
FNDA:0,(anonymous_8)
FNDA:0,(anonymous_9)
FNDA:0,(anonymous_10)
FNDA:0,(anonymous_11)
FNDA:0,(anonymous_12)
FNDA:0,(anonymous_13)
FNDA:0,(anonymous_14)
FNDA:0,(anonymous_15)
FNDA:0,(anonymous_16)
FNDA:0,(anonymous_17)
FNDA:0,(anonymous_18)
FNDA:0,(anonymous_19)
FNDA:0,(anonymous_20)
DA:6,0
DA:7,0
DA:12,0
DA:14,0
DA:15,0
DA:16,0
DA:143,0
DA:148,0
DA:150,0
DA:151,0
DA:152,0
DA:153,0
DA:160,0
DA:161,0
DA:163,0
DA:168,0
DA:169,0
DA:170,0
DA:171,0
DA:177,0
DA:178,0
DA:181,0
DA:183,0
DA:197,0
DA:198,0
DA:201,0
DA:203,0
DA:205,0
DA:207,0
DA:208,0
DA:210,0
DA:211,0
DA:213,0
DA:214,0
DA:216,0
DA:217,0
DA:219,0
DA:222,0
DA:227,0
DA:232,0
DA:245,0
DA:250,0
DA:271,0
DA:291,0
DA:296,0
DA:309,0
DA:314,0
DA:325,0
DA:326,0
DA:329,0
DA:331,0
DA:339,0
DA:355,0
DA:356,0
DA:359,0
DA:362,0
DA:370,0
DA:386,0
DA:387,0
DA:388,0
DA:389,0
DA:390,0
DA:392,0
DA:393,0
DA:404,0
DA:406,0
DA:407,0
DA:408,0
DA:411,0
DA:412,0
DA:415,0
DA:417,0
DA:418,0
DA:424,0
DA:425,0
DA:430,0
DA:433,0
DA:434,0
LF:78
LH:0
BRDA:12,0,0,0
BRDA:12,0,1,0
BRDA:147,1,0,0
BRDA:147,2,0,0
BRDA:167,3,0,0
BRDA:169,4,0,0
BRDA:169,4,1,0
BRDA:176,5,0,0
BRDA:177,6,0,0
BRDA:177,6,1,0
BRDA:178,7,0,0
BRDA:178,7,1,0
BRDA:181,8,0,0
BRDA:181,8,1,0
BRDA:196,9,0,0
BRDA:197,10,0,0
BRDA:197,10,1,0
BRDA:198,11,0,0
BRDA:198,11,1,0
BRDA:201,12,0,0
BRDA:201,12,1,0
BRDA:205,13,0,0
BRDA:205,13,1,0
BRDA:205,13,2,0
BRDA:205,13,3,0
BRDA:205,13,4,0
BRDA:297,14,0,0
BRDA:297,14,1,0
BRDA:298,15,0,0
BRDA:298,15,1,0
BRDA:324,16,0,0
BRDA:324,17,0,0
BRDA:325,18,0,0
BRDA:325,18,1,0
BRDA:326,19,0,0
BRDA:326,19,1,0
BRDA:329,20,0,0
BRDA:329,20,1,0
BRDA:331,21,0,0
BRDA:331,21,1,0
BRDA:354,22,0,0
BRDA:354,23,0,0
BRDA:354,24,0,0
BRDA:355,25,0,0
BRDA:355,25,1,0
BRDA:356,26,0,0
BRDA:356,26,1,0
BRDA:359,27,0,0
BRDA:359,27,1,0
BRDA:362,28,0,0
BRDA:362,28,1,0
BRDA:362,29,0,0
BRDA:362,29,1,0
BRDA:385,30,0,0
BRDA:385,31,0,0
BRDA:398,32,0,0
BRDA:400,33,0,0
BRDA:401,34,0,0
BRDA:402,35,0,0
BRDA:403,36,0,0
BRDA:411,37,0,0
BRDA:411,37,1,0
BRDA:411,38,0,0
BRDA:411,38,1,0
BRDA:433,39,0,0
BRDA:433,39,1,0
BRDA:433,40,0,0
BRDA:433,40,1,0
BRF:68
BRH:0
end_of_record
TN:
SF:src/js/utils/pathManager.js
FN:5,(anonymous_0)
FN:14,(anonymous_1)
FN:21,(anonymous_2)
FN:24,(anonymous_3)
FN:32,(anonymous_4)
FN:40,(anonymous_5)
FN:48,(anonymous_6)
FN:56,(anonymous_7)
FN:64,(anonymous_8)
FN:72,(anonymous_9)
FN:80,(anonymous_10)
FN:82,(anonymous_11)
FN:96,(anonymous_12)
FN:99,(anonymous_13)
FN:110,(anonymous_14)
FN:116,(anonymous_15)
FNF:16
FNH:0
FNDA:0,(anonymous_0)
FNDA:0,(anonymous_1)
FNDA:0,(anonymous_2)
FNDA:0,(anonymous_3)
FNDA:0,(anonymous_4)
FNDA:0,(anonymous_5)
FNDA:0,(anonymous_6)
FNDA:0,(anonymous_7)
FNDA:0,(anonymous_8)
FNDA:0,(anonymous_9)
FNDA:0,(anonymous_10)
FNDA:0,(anonymous_11)
FNDA:0,(anonymous_12)
FNDA:0,(anonymous_13)
FNDA:0,(anonymous_14)
FNDA:0,(anonymous_15)
DA:7,0
DA:8,0
DA:10,0
DA:15,0
DA:16,0
DA:17,0
DA:23,0
DA:24,0
DA:25,0
DA:26,0
DA:31,0
DA:32,0
DA:33,0
DA:34,0
DA:39,0
DA:40,0
DA:41,0
DA:42,0
DA:47,0
DA:48,0
DA:49,0
DA:50,0
DA:55,0
DA:56,0
DA:57,0
DA:58,0
DA:63,0
DA:64,0
DA:65,0
DA:66,0
DA:71,0
DA:72,0
DA:73,0
DA:74,0
DA:81,0
DA:82,0
DA:83,0
DA:84,0
DA:86,0
DA:87,0
DA:88,0
DA:89,0
DA:98,0
DA:99,0
DA:100,0
DA:101,0
DA:102,0
DA:103,0
DA:104,0
DA:111,0
DA:112,0
DA:115,0
DA:116,0
DA:117,0
DA:120,0
DA:123,0
DA:124,0
DA:126,0
DA:127,0
DA:133,0
DA:134,0
DA:136,0
LF:62
LH:0
BRDA:7,0,0,0
BRDA:7,0,1,0
BRDA:25,1,0,0
BRDA:25,1,1,0
BRDA:25,2,0,0
BRDA:25,2,1,0
BRDA:33,3,0,0
BRDA:33,3,1,0
BRDA:33,4,0,0
BRDA:33,4,1,0
BRDA:41,5,0,0
BRDA:41,5,1,0
BRDA:41,6,0,0
BRDA:41,6,1,0
BRDA:49,7,0,0
BRDA:49,7,1,0
BRDA:49,8,0,0
BRDA:49,8,1,0
BRDA:57,9,0,0
BRDA:57,9,1,0
BRDA:57,10,0,0
BRDA:57,10,1,0
BRDA:65,11,0,0
BRDA:65,11,1,0
BRDA:65,12,0,0
BRDA:65,12,1,0
BRDA:73,13,0,0
BRDA:73,13,1,0
BRDA:73,14,0,0
BRDA:73,14,1,0
BRDA:84,15,0,0
BRDA:84,15,1,0
BRDA:86,16,0,0
BRDA:86,16,1,0
BRDA:88,17,0,0
BRDA:88,17,1,0
BRDA:101,18,0,0
BRDA:101,18,1,0
BRDA:101,19,0,0
BRDA:101,19,1,0
BRDA:115,20,0,0
BRDA:115,20,1,0
BRF:42
BRH:0
end_of_record
TN:
SF:src/js/utils/pwa.js
FN:5,(anonymous_0)
FN:14,(anonymous_1)
FN:23,(anonymous_2)
FN:37,(anonymous_3)
FN:47,(anonymous_4)
FN:48,(anonymous_5)
FN:60,(anonymous_6)
FN:69,(anonymous_7)
FN:81,(anonymous_8)
FN:91,(anonymous_9)
FN:118,(anonymous_10)
FN:122,(anonymous_11)
FN:130,(anonymous_12)
FN:138,(anonymous_13)
FN:165,(anonymous_14)
FN:170,(anonymous_15)
FN:179,(anonymous_16)
FN:186,(anonymous_17)
FN:192,(anonymous_18)
FN:215,(anonymous_19)
FN:220,(anonymous_20)
FN:228,(anonymous_21)
FN:246,(anonymous_22)
FN:277,(anonymous_23)
FN:301,(anonymous_24)
FN:305,(anonymous_25)
FN:311,(anonymous_26)
FN:316,(anonymous_27)
FN:340,(anonymous_28)
FN:348,(anonymous_29)
FN:362,(anonymous_30)
FNF:31
FNH:0
FNDA:0,(anonymous_0)
FNDA:0,(anonymous_1)
FNDA:0,(anonymous_2)
FNDA:0,(anonymous_3)
FNDA:0,(anonymous_4)
FNDA:0,(anonymous_5)
FNDA:0,(anonymous_6)
FNDA:0,(anonymous_7)
FNDA:0,(anonymous_8)
FNDA:0,(anonymous_9)
FNDA:0,(anonymous_10)
FNDA:0,(anonymous_11)
FNDA:0,(anonymous_12)
FNDA:0,(anonymous_13)
FNDA:0,(anonymous_14)
FNDA:0,(anonymous_15)
FNDA:0,(anonymous_16)
FNDA:0,(anonymous_17)
FNDA:0,(anonymous_18)
FNDA:0,(anonymous_19)
FNDA:0,(anonymous_20)
FNDA:0,(anonymous_21)
FNDA:0,(anonymous_22)
FNDA:0,(anonymous_23)
FNDA:0,(anonymous_24)
FNDA:0,(anonymous_25)
FNDA:0,(anonymous_26)
FNDA:0,(anonymous_27)
FNDA:0,(anonymous_28)
FNDA:0,(anonymous_29)
FNDA:0,(anonymous_30)
DA:6,0
DA:7,0
DA:8,0
DA:10,0
DA:15,0
DA:16,0
DA:17,0
DA:18,0
DA:19,0
DA:24,0
DA:25,0
DA:26,0
DA:29,0
DA:30,0
DA:34,0
DA:37,0
DA:38,0
DA:39,0
DA:42,0
DA:48,0
DA:49,0
DA:52,0
DA:53,0
DA:56,0
DA:60,0
DA:61,0
DA:62,0
DA:63,0
DA:64,0
DA:71,0
DA:75,0
DA:76,0
DA:83,0
DA:85,0
DA:86,0
DA:92,0
DA:93,0
DA:94,0
DA:96,0
DA:98,0
DA:115,0
DA:118,0
DA:119,0
DA:122,0
DA:123,0
DA:126,0
DA:131,0
DA:132,0
DA:133,0
DA:139,0
DA:140,0
DA:141,0
DA:144,0
DA:146,0
DA:149,0
DA:151,0
DA:152,0
DA:154,0
DA:157,0
DA:158,0
DA:160,0
DA:166,0
DA:171,0
DA:172,0
DA:173,0
DA:177,0
DA:179,0
DA:180,0
DA:187,0
DA:188,0
DA:193,0
DA:194,0
DA:197,0
DA:215,0
DA:216,0
DA:217,0
DA:220,0
DA:221,0
DA:224,0
DA:229,0
DA:230,0
DA:232,0
DA:233,0
DA:234,0
DA:235,0
DA:237,0
DA:238,0
DA:241,0
DA:247,0
DA:248,0
DA:249,0
DA:252,0
DA:254,0
DA:256,0
DA:258,0
DA:266,0
DA:269,0
DA:272,0
DA:278,0
DA:279,0
DA:281,0
DA:292,0
DA:293,0
DA:296,0
DA:302,0
DA:305,0
DA:306,0
DA:312,0
DA:317,0
DA:318,0
DA:328,0
DA:337,0
DA:340,0
DA:341,0
DA:342,0
DA:349,0
DA:350,0
DA:352,0
DA:353,0
DA:355,0
DA:356,0
DA:358,0
DA:363,0
DA:364,0
DA:375,0
DA:378,0
DA:379,0
LF:127
LH:0
BRDA:24,0,0,0
BRDA:24,0,1,0
BRDA:71,1,0,0
BRDA:71,1,1,0
BRDA:72,2,0,0
BRDA:72,2,1,0
BRDA:83,3,0,0
BRDA:83,3,1,0
BRDA:85,4,0,0
BRDA:85,4,1,0
BRDA:85,5,0,0
BRDA:85,5,1,0
BRDA:132,6,0,0
BRDA:132,6,1,0
BRDA:139,7,0,0
BRDA:139,7,1,0
BRDA:151,8,0,0
BRDA:151,8,1,0
BRDA:171,9,0,0
BRDA:171,9,1,0
BRDA:171,10,0,0
BRDA:171,10,1,0
BRDA:177,11,0,0
BRDA:177,11,1,0
BRDA:232,12,0,0
BRDA:232,12,1,0
BRDA:247,13,0,0
BRDA:247,13,1,0
BRDA:256,14,0,0
BRDA:256,14,1,0
BRDA:292,15,0,0
BRDA:292,15,1,0
BRDA:302,16,0,0
BRDA:302,16,1,0
BRDA:316,17,0,0
BRDA:316,18,0,0
BRDA:319,19,0,0
BRDA:319,19,1,0
BRDA:321,20,0,0
BRDA:321,20,1,0
BRDA:323,21,0,0
BRDA:323,21,1,0
BRDA:341,22,0,0
BRDA:341,22,1,0
BRDA:363,23,0,0
BRDA:363,23,1,0
BRDA:363,24,0,0
BRDA:363,24,1,0
BRDA:378,25,0,0
BRDA:378,25,1,0
BRDA:378,26,0,0
BRDA:378,26,1,0
BRF:52
BRH:0
end_of_record
TN:
SF:src/js/utils/websocket.js
FN:5,(anonymous_0)
FN:22,(anonymous_1)
FN:55,(anonymous_2)
FN:56,(anonymous_3)
FN:71,(anonymous_4)
FN:82,(anonymous_5)
FN:99,(anonymous_6)
FN:106,(anonymous_7)
FN:151,(anonymous_8)
FN:174,(anonymous_9)
FN:179,(anonymous_10)
FN:189,(anonymous_11)
FN:191,(anonymous_12)
FN:197,(anonymous_13)
FN:210,(anonymous_14)
FN:219,(anonymous_15)
FN:222,(anonymous_16)
FN:230,(anonymous_17)
FN:238,(anonymous_18)
FN:266,(anonymous_19)
FN:285,(anonymous_20)
FN:292,(anonymous_21)
FN:302,(anonymous_22)
FN:304,(anonymous_23)
FN:315,(anonymous_24)
FN:322,(anonymous_25)
FN:328,(anonymous_26)
FN:335,(anonymous_27)
FN:341,(anonymous_28)
FN:348,(anonymous_29)
FN:355,(anonymous_30)
FN:369,initWebSocket
FN:378,getWebSocketManager
FN:383,(anonymous_33)
FN:390,(anonymous_34)
FN:402,(anonymous_35)
FNF:36
FNH:0
FNDA:0,(anonymous_0)
FNDA:0,(anonymous_1)
FNDA:0,(anonymous_2)
FNDA:0,(anonymous_3)
FNDA:0,(anonymous_4)
FNDA:0,(anonymous_5)
FNDA:0,(anonymous_6)
FNDA:0,(anonymous_7)
FNDA:0,(anonymous_8)
FNDA:0,(anonymous_9)
FNDA:0,(anonymous_10)
FNDA:0,(anonymous_11)
FNDA:0,(anonymous_12)
FNDA:0,(anonymous_13)
FNDA:0,(anonymous_14)
FNDA:0,(anonymous_15)
FNDA:0,(anonymous_16)
FNDA:0,(anonymous_17)
FNDA:0,(anonymous_18)
FNDA:0,(anonymous_19)
FNDA:0,(anonymous_20)
FNDA:0,(anonymous_21)
FNDA:0,(anonymous_22)
FNDA:0,(anonymous_23)
FNDA:0,(anonymous_24)
FNDA:0,(anonymous_25)
FNDA:0,(anonymous_26)
FNDA:0,(anonymous_27)
FNDA:0,(anonymous_28)
FNDA:0,(anonymous_29)
FNDA:0,(anonymous_30)
FNDA:0,initWebSocket
FNDA:0,getWebSocketManager
FNDA:0,(anonymous_33)
FNDA:0,(anonymous_34)
FNDA:0,(anonymous_35)
DA:6,0
DA:7,0
DA:8,0
DA:9,0
DA:10,0
DA:11,0
DA:12,0
DA:14,0
DA:15,0
DA:16,0
DA:18,0
DA:23,0
DA:24,0
DA:27,0
DA:28,0
DA:30,0
DA:31,0
DA:32,0
DA:33,0
DA:34,0
DA:37,0
DA:38,0
DA:39,0
DA:40,0
DA:42,0
DA:44,0
DA:45,0
DA:46,0
DA:48,0
DA:49,0
DA:50,0
DA:56,0
DA:57,0
DA:58,0
DA:59,0
DA:60,0
DA:62,0
DA:63,0
DA:66,0
DA:67,0
DA:71,0
DA:72,0
DA:73,0
DA:74,0
DA:76,0
DA:78,0
DA:82,0
DA:83,0
DA:84,0
DA:85,0
DA:87,0
DA:89,0
DA:90,0
DA:93,0
DA:94,0
DA:99,0
DA:100,0
DA:101,0
DA:107,0
DA:109,0
DA:111,0
DA:112,0
DA:115,0
DA:116,0
DA:117,0
DA:120,0
DA:121,0
DA:122,0
DA:125,0
DA:126,0
DA:129,0
DA:130,0
DA:133,0
DA:134,0
DA:137,0
DA:138,0
DA:141,0
DA:142,0
DA:145,0
DA:146,0
DA:152,0
DA:153,0
DA:154,0
DA:157,0
DA:163,0
DA:164,0
DA:165,0
DA:166,0
DA:168,0
DA:169,0
DA:175,0
DA:180,0
DA:181,0
DA:183,0
DA:184,0
DA:190,0
DA:191,0
DA:192,0
DA:198,0
DA:199,0
DA:200,0
DA:201,0
DA:203,0
DA:206,0
DA:208,0
DA:210,0
DA:211,0
DA:215,0
DA:220,0
DA:222,0
DA:223,0
DA:224,0
DA:231,0
DA:232,0
DA:233,0
DA:240,0
DA:241,0
DA:242,0
DA:255,0
DA:256,0
DA:267,0
DA:268,0
DA:279,0
DA:280,0
DA:286,0
DA:287,0
DA:289,0
DA:293,0
DA:294,0
DA:295,0
DA:296,0
DA:297,0
DA:303,0
DA:304,0
DA:305,0
DA:306,0
DA:308,0
DA:316,0
DA:323,0
DA:329,0
DA:336,0
DA:342,0
DA:349,0
DA:356,0
DA:367,0
DA:370,0
DA:371,0
DA:372,0
DA:373,0
DA:375,0
DA:379,0
DA:383,0
DA:384,0
DA:385,0
DA:390,0
DA:391,0
DA:392,0
DA:393,0
DA:395,0
DA:396,0
DA:397,0
DA:402,0
DA:403,0
DA:404,0
DA:409,0
DA:410,0
DA:412,0
DA:413,0
LF:168
LH:0
BRDA:23,0,0,0
BRDA:23,0,1,0
BRDA:23,1,0,0
BRDA:23,1,1,0
BRDA:23,1,2,0
BRDA:31,2,0,0
BRDA:31,2,1,0
BRDA:37,3,0,0
BRDA:37,3,1,0
BRDA:66,4,0,0
BRDA:66,4,1,0
BRDA:89,5,0,0
BRDA:89,5,1,0
BRDA:93,6,0,0
BRDA:93,6,1,0
BRDA:109,7,0,0
BRDA:109,7,1,0
BRDA:109,7,2,0
BRDA:109,7,3,0
BRDA:109,7,4,0
BRDA:109,7,5,0
BRDA:109,7,6,0
BRDA:109,7,7,0
BRDA:109,7,8,0
BRDA:151,8,0,0
BRDA:152,9,0,0
BRDA:152,9,1,0
BRDA:175,10,0,0
BRDA:175,10,1,0
BRDA:183,11,0,0
BRDA:183,11,1,0
BRDA:198,12,0,0
BRDA:198,12,1,0
BRDA:200,13,0,0
BRDA:200,13,1,0
BRDA:223,14,0,0
BRDA:223,14,1,0
BRDA:231,15,0,0
BRDA:231,15,1,0
BRDA:240,16,0,0
BRDA:240,16,1,0
BRDA:241,17,0,0
BRDA:241,17,1,0
BRDA:255,18,0,0
BRDA:255,18,1,0
BRDA:257,19,0,0
BRDA:257,19,1,0
BRDA:267,20,0,0
BRDA:267,20,1,0
BRDA:279,21,0,0
BRDA:279,21,1,0
BRDA:286,22,0,0
BRDA:286,22,1,0
BRDA:293,23,0,0
BRDA:293,23,1,0
BRDA:296,24,0,0
BRDA:296,24,1,0
BRDA:303,25,0,0
BRDA:303,25,1,0
BRDA:348,26,0,0
BRDA:359,27,0,0
BRDA:359,27,1,0
BRDA:360,28,0,0
BRDA:360,28,1,0
BRDA:370,29,0,0
BRDA:370,29,1,0
BRDA:370,30,0,0
BRDA:370,30,1,0
BRDA:379,31,0,0
BRDA:379,31,1,0
BRDA:384,32,0,0
BRDA:384,32,1,0
BRDA:391,33,0,0
BRDA:391,33,1,0
BRDA:391,34,0,0
BRDA:391,34,1,0
BRDA:391,34,2,0
BRDA:393,35,0,0
BRDA:393,35,1,0
BRDA:393,36,0,0
BRDA:393,36,1,0
BRDA:393,36,2,0
BRDA:403,37,0,0
BRDA:403,37,1,0
BRDA:412,38,0,0
BRDA:412,38,1,0
BRDA:412,39,0,0
BRDA:412,39,1,0
BRF:88
BRH:0
end_of_record
